--- Startup times for process: Primary/TUI ---

times in msec
 clock   self+sourced   self:  sourced script
 clock   elapsed:              other lines

000.000  000.000: --- NVIM STARTING ---
000.043  000.043: event init
000.120  000.077: early init
001.864  001.744: locale set
001.893  000.029: init first window
002.087  000.194: inits 1
002.091  000.004: window checked
002.094  000.003: parsing arguments
002.328  000.017  000.017: require('vim.shared')
002.365  000.019  000.019: require('vim.inspect')
002.387  000.016  000.016: require('vim._options')
002.388  000.058  000.023: require('vim._editor')
002.389  000.107  000.032: require('vim._init_packages')
002.390  000.188: init lua interpreter
002.584  000.195: --- NVIM STARTED ---

--- Startup times for process: Embedded ---

times in msec
 clock   self+sourced   self:  sourced script
 clock   elapsed:              other lines

000.003  000.003: --- NVIM STARTING ---
000.038  000.035: event init
000.112  000.074: early init
000.301  000.189: locale set
000.322  000.021: init first window
000.504  000.182: inits 1
000.515  000.011: window checked
000.519  000.004: parsing arguments
000.897  000.027  000.027: require('vim.shared')
000.964  000.033  000.033: require('vim.inspect')
001.020  000.047  000.047: require('vim._options')
001.021  000.122  000.042: require('vim._editor')
001.023  000.205  000.056: require('vim._init_packages')
001.024  000.299: init lua interpreter
002.393  001.369: expanding arguments
002.404  000.011: inits 2
002.573  000.169: init highlight
002.573  000.001: waiting for UI
002.665  000.092: done waiting for UI
002.669  000.003: clear screen
002.715  000.005  000.005: require('vim.keymap')
003.129  000.458  000.453: require('vim._defaults')
003.130  000.003: init default mappings & autocommands
004.501  000.067  000.067: sourcing /opt/homebrew/Cellar/neovim/0.10.1/share/nvim/runtime/ftplugin.vim
004.560  000.018  000.018: sourcing /opt/homebrew/Cellar/neovim/0.10.1/share/nvim/runtime/indent.vim
004.566  001.351: sourcing vimrc file(s)
004.694  000.096  000.096: sourcing /opt/homebrew/Cellar/neovim/0.10.1/share/nvim/runtime/filetype.lua
004.831  000.045  000.045: sourcing /opt/homebrew/Cellar/neovim/0.10.1/share/nvim/runtime/syntax/synload.vim
005.235  000.495  000.450: sourcing /opt/homebrew/Cellar/neovim/0.10.1/share/nvim/runtime/syntax/syntax.vim
006.191  000.091  000.091: sourcing /opt/homebrew/Cellar/neovim/0.10.1/share/nvim/runtime/plugin/gzip.vim
006.777  000.112  000.112: sourcing /opt/homebrew/Cellar/neovim/0.10.1/share/nvim/runtime/pack/dist/opt/matchit/plugin/matchit.vim
006.805  000.583  000.471: sourcing /opt/homebrew/Cellar/neovim/0.10.1/share/nvim/runtime/plugin/matchit.vim
006.915  000.081  000.081: sourcing /opt/homebrew/Cellar/neovim/0.10.1/share/nvim/runtime/plugin/matchparen.vim
007.088  000.144  000.144: sourcing /opt/homebrew/Cellar/neovim/0.10.1/share/nvim/runtime/plugin/netrwPlugin.vim
007.153  000.028  000.028: sourcing /opt/homebrew/Cellar/neovim/0.10.1/share/nvim/runtime/plugin/rplugin.vim
007.220  000.032  000.032: sourcing /opt/homebrew/Cellar/neovim/0.10.1/share/nvim/runtime/plugin/shada.vim
007.267  000.010  000.010: sourcing /opt/homebrew/Cellar/neovim/0.10.1/share/nvim/runtime/plugin/spellfile.vim
007.345  000.044  000.044: sourcing /opt/homebrew/Cellar/neovim/0.10.1/share/nvim/runtime/plugin/tarPlugin.vim
007.393  000.014  000.014: sourcing /opt/homebrew/Cellar/neovim/0.10.1/share/nvim/runtime/plugin/tutor.vim
007.494  000.066  000.066: sourcing /opt/homebrew/Cellar/neovim/0.10.1/share/nvim/runtime/plugin/zipPlugin.vim
007.575  000.045  000.045: sourcing /opt/homebrew/Cellar/neovim/0.10.1/share/nvim/runtime/plugin/editorconfig.lua
007.660  000.048  000.048: sourcing /opt/homebrew/Cellar/neovim/0.10.1/share/nvim/runtime/plugin/man.lua
007.738  000.043  000.043: sourcing /opt/homebrew/Cellar/neovim/0.10.1/share/nvim/runtime/plugin/osc52.lua
007.804  000.030  000.030: sourcing /opt/homebrew/Cellar/neovim/0.10.1/share/nvim/runtime/plugin/tohtml.lua
007.827  001.410: loading rtp plugins
007.908  000.081: loading packages
008.090  000.182: loading after plugins
008.095  000.004: inits 3
008.097  000.002: reading ShaDa
008.149  000.052: opening buffers
008.159  000.010: BufEnter autocommands
008.160  000.001: editing files in windows
008.231  000.071: VimEnter autocommands
008.232  000.001: UIEnter autocommands
008.233  000.001: before starting main loop
008.391  000.158: first screen update
008.392  000.001: --- NVIM STARTED ---

--- Startup times for process: Primary/TUI ---

times in msec
 clock   self+sourced   self:  sourced script
 clock   elapsed:              other lines

000.000  000.000: --- NVIM STARTING ---
000.059  000.059: event init
000.175  000.115: early init
000.484  000.309: locale set
000.516  000.031: init first window
000.783  000.267: inits 1
000.788  000.005: window checked
000.894  000.106: parsing arguments
001.260  000.027  000.027: require('vim.shared')
001.321  000.030  000.030: require('vim.inspect')
001.356  000.027  000.027: require('vim._options')
001.358  000.095  000.039: require('vim._editor')
001.359  000.167  000.044: require('vim._init_packages')
001.360  000.300: init lua interpreter
001.609  000.249: --- NVIM STARTED ---

--- Startup times for process: Embedded ---

times in msec
 clock   self+sourced   self:  sourced script
 clock   elapsed:              other lines

000.000  000.000: --- NVIM STARTING ---
000.051  000.051: event init
000.146  000.095: early init
000.368  000.222: locale set
000.397  000.029: init first window
000.589  000.192: inits 1
000.600  000.010: window checked
000.683  000.083: parsing arguments
001.002  000.025  000.025: require('vim.shared')
001.061  000.031  000.031: require('vim.inspect')
001.093  000.024  000.024: require('vim._options')
001.094  000.090  000.035: require('vim._editor')
001.095  000.161  000.046: require('vim._init_packages')
001.096  000.253: init lua interpreter
002.507  001.411: expanding arguments
002.518  000.011: inits 2
002.716  000.198: init highlight
002.716  000.001: waiting for UI
002.814  000.098: done waiting for UI
002.819  000.004: clear screen
002.870  000.006  000.006: require('vim.keymap')
003.327  000.506  000.500: require('vim._defaults')
003.329  000.004: init default mappings & autocommands
003.758  000.040  000.040: sourcing /opt/homebrew/Cellar/neovim/0.10.1/share/nvim/runtime/ftplugin.vim
003.823  000.019  000.019: sourcing /opt/homebrew/Cellar/neovim/0.10.1/share/nvim/runtime/indent.vim
004.119  000.069  000.069: require('core.globals')
005.248  001.128  001.128: require('core.options')
006.141  000.891  000.891: require('core.keymaps')
006.239  000.096  000.096: require('core.autocmds')
007.127  000.582  000.582: require('lazy')
007.145  000.010  000.010: require('ffi')
007.204  000.016  000.016: require('vim.fs')
007.359  000.118  000.118: require('vim.uri')
007.365  000.218  000.084: require('vim.loader')
007.732  000.349  000.349: require('lazy.stats')
007.850  000.095  000.095: require('lazy.core.util')
008.013  000.162  000.162: require('lazy.core.config')
008.375  000.190  000.190: require('lazy.core.handler')
008.799  000.111  000.111: require('lazy.pkg')
008.802  000.223  000.112: require('lazy.core.meta')
008.806  000.429  000.206: require('lazy.core.plugin')
008.810  000.795  000.177: require('lazy.core.loader')
009.336  000.070  000.070: require('lazy.core.fragments')
011.397  000.105  000.105: require('lazy.core.handler.event')
011.399  000.205  000.100: require('lazy.core.handler.ft')
011.467  000.065  000.065: require('lazy.core.handler.cmd')
011.534  000.064  000.064: require('lazy.core.handler.keys')
012.741  000.332  000.332: sourcing /opt/homebrew/Cellar/neovim/0.10.1/share/nvim/runtime/filetype.lua
014.138  000.243  000.243: require('rose-pine.config')
014.141  001.212  000.969: require('rose-pine')
014.371  001.506  000.294: require('config.rose-pine')
015.313  000.062  000.062: require('rose-pine.utilities')
015.377  000.062  000.062: require('rose-pine.palette')
016.188  000.994  000.870: sourcing /Users/weitingchen/.local/share/nvim/lazy/rose-pine.nvim/colors/rose-pine.lua
017.673  001.107  001.107: require('mini.icons')
018.621  000.461  000.461: require('oil')
018.721  000.096  000.096: require('oil.ringbuf')
018.863  000.141  000.141: require('oil.config')
020.035  001.012  001.012: require('vim.filetype')
020.384  000.087  000.087: require('oil.fs')
020.553  000.048  000.048: require('oil.constants')
020.558  000.173  000.125: require('oil.util')
020.621  002.529  000.559: require('config.oil')
021.210  000.084  000.084: sourcing /Users/weitingchen/.local/share/nvim/lazy/markdown-preview.nvim/plugin/mkdp.vim
022.515  000.054  000.054: require('nvim-treesitter.utils')
023.681  000.121  000.121: require('vim.treesitter.language')
023.726  000.044  000.044: require('vim.func')
023.778  000.050  000.050: require('vim.func._memoize')
023.787  000.308  000.093: require('vim.treesitter.query')
023.841  000.053  000.053: require('vim.treesitter._range')
023.848  000.447  000.086: require('vim.treesitter.languagetree')
023.851  001.122  000.675: require('vim.treesitter')
024.441  001.925  000.803: require('nvim-treesitter.parsers')
024.844  000.073  000.073: require('nvim-treesitter.compat')
024.987  000.080  000.080: require('nvim-treesitter.ts_utils')
024.990  000.146  000.065: require('nvim-treesitter.tsrange')
025.039  000.048  000.048: require('nvim-treesitter.caching')
025.048  000.409  000.142: require('nvim-treesitter.query')
025.058  000.562  000.153: require('nvim-treesitter.configs')
025.061  000.619  000.057: require('nvim-treesitter.info')
025.142  000.080  000.080: require('nvim-treesitter.shell_command_selectors')
025.167  002.792  000.114: require('nvim-treesitter.install')
025.226  000.058  000.058: require('nvim-treesitter.statusline')
025.292  000.065  000.065: require('nvim-treesitter.query_predicates')
025.294  003.378  000.463: require('nvim-treesitter')
025.578  003.699  000.321: sourcing /Users/weitingchen/.local/share/nvim/lazy/nvim-treesitter/plugin/nvim-treesitter.lua
026.262  000.088  000.088: require('nvim-treesitter.indent')
026.265  000.673  000.585: require('config.treesitter')
026.613  000.018  000.018: sourcing /Users/weitingchen/.local/share/nvim/lazy/nvim-web-devicons/plugin/nvim-web-devicons.vim
027.042  000.104  000.104: require('render-markdown')
027.237  000.112  000.112: require('render-markdown.presets')
027.286  000.048  000.048: require('render-markdown.core.treesitter')
027.339  000.052  000.052: require('render-markdown.core.util')
027.341  000.299  000.087: require('render-markdown.state')
027.543  000.081  000.081: require('render-markdown.core.buffer_state')
027.773  000.139  000.139: require('render-markdown.core.node_info')
027.863  000.089  000.089: require('render-markdown.core.logger')
027.972  000.108  000.108: require('render-markdown.core.str')
027.984  000.441  000.105: require('render-markdown.core.context')
028.083  000.088  000.088: require('render-markdown.core.extmark')
028.300  000.118  000.118: require('render-markdown.core.list')
028.304  000.220  000.102: require('render-markdown.handler.markdown')
028.397  000.092  000.092: require('render-markdown.handler.markdown_inline')
028.442  000.045  000.045: require('render-markdown.handler.latex')
028.445  001.041  000.075: require('render-markdown.core.ui')
028.495  000.049  000.049: require('render-markdown.colors')
028.576  000.053  000.053: require('render-markdown.manager')
028.583  001.686  000.140: sourcing /Users/weitingchen/.local/share/nvim/lazy/render-markdown.nvim/plugin/render-markdown.lua
029.944  000.046  000.046: require('mason-core.path')
030.256  000.261  000.261: require('mason-core.functional')
030.355  000.041  000.041: require('mason-core.functional.data')
030.358  000.092  000.051: require('mason-core.functional.function')
030.407  000.044  000.044: require('mason-core.functional.relation')
030.455  000.043  000.043: require('mason-core.functional.logic')
030.462  000.517  000.076: require('mason-core.platform')
030.515  000.052  000.052: require('mason.settings')
030.516  000.806  000.191: require('mason')
030.757  000.053  000.053: require('mason-core.functional.list')
030.805  000.046  000.046: require('mason-core.functional.string')
030.815  000.204  000.105: require('mason.api.command')
031.060  000.242  000.242: require('mason-registry.sources')
033.130  000.058  000.058: require('mason-core.log')
033.132  000.111  000.053: require('mason-core.EventEmitter')
033.179  000.046  000.046: require('mason-core.optional')
033.278  000.052  000.052: require('mason-core.async')
033.321  000.042  000.042: require('mason-core.async.uv')
033.324  000.144  000.050: require('mason-core.fs')
033.333  000.600  000.298: require('mason-registry')
033.336  001.141  000.541: require('mason-tool-installer')
033.342  001.183  000.042: sourcing /Users/weitingchen/.local/share/nvim/lazy/mason-tool-installer.nvim/plugin/mason-tool-installer.lua
034.419  000.117  000.117: require('vim.lsp.log')
034.750  000.330  000.330: require('vim.lsp.protocol')
034.940  000.100  000.100: require('vim.lsp._snippet_grammar')
034.987  000.046  000.046: require('vim.highlight')
034.991  000.003  000.003: require('vim.F')
034.999  000.247  000.100: require('vim.lsp.util')
035.094  000.046  000.046: require('vim.lsp.sync')
035.096  000.096  000.050: require('vim.lsp._changetracking')
035.198  000.072  000.072: require('vim.lsp.rpc')
035.225  001.005  000.143: require('vim.lsp')
035.240  001.059  000.054: sourcing /Users/weitingchen/.local/share/nvim/lazy/nvim-lspconfig/plugin/lspconfig.lua
035.852  000.049  000.049: require('cmp_nvim_lsp.source')
035.854  000.502  000.453: require('cmp_nvim_lsp')
037.026  000.059  000.059: require('fidget.spinner.patterns')
037.027  000.106  000.046: require('fidget.spinner')
037.070  000.042  000.042: require('fidget.options')
037.074  000.197  000.049: require('fidget.progress.display')
037.189  000.065  000.065: require('fidget.logger')
037.264  000.074  000.074: require('vim.lsp.handlers')
037.267  000.192  000.053: require('fidget.progress.lsp')
037.480  000.048  000.048: require('fidget.poll')
037.481  000.095  000.048: require('fidget.notification.model')
037.540  000.058  000.058: require('fidget.notification.window')
037.596  000.055  000.055: require('fidget.notification.view')
037.601  000.290  000.082: require('fidget.notification')
037.603  000.335  000.045: require('fidget.progress.handle')
037.613  000.783  000.058: require('fidget.progress')
037.676  000.063  000.063: require('fidget.commands')
037.759  000.042  000.042: require('fidget.integration.nvim-tree')
037.802  000.043  000.043: require('fidget.integration.xcodebuild-nvim')
037.814  000.137  000.052: require('fidget.integration')
037.817  001.892  000.910: require('fidget')
038.990  000.058  000.058: require('nvim-tree.notify')
038.994  000.115  000.057: require('nvim-tree.events')
039.239  000.066  000.066: require('nvim-tree.iterators.node-iterator')
039.258  000.154  000.087: require('nvim-tree.utils')
039.363  000.058  000.058: require('nvim-tree.log')
039.425  000.061  000.061: require('nvim-tree.watcher')
039.427  000.168  000.050: require('nvim-tree.explorer.watch')
039.428  000.375  000.053: require('nvim-tree.explorer.node-builders')
039.550  000.059  000.059: require('nvim-tree.git.utils')
039.606  000.056  000.056: require('nvim-tree.git.runner')
039.662  000.055  000.055: require('nvim-tree.explorer.node')
039.666  000.237  000.068: require('nvim-tree.git')
039.770  000.052  000.052: require('nvim-tree.enum')
039.773  000.105  000.053: require('nvim-tree.explorer.filters')
039.931  000.102  000.102: require('nvim-tree.view')
039.934  000.161  000.059: require('nvim-tree.explorer.live-filter')
039.994  000.059  000.059: require('nvim-tree.explorer.sorters')
040.080  000.085  000.085: require('nvim-tree.explorer.explore')
040.083  001.089  000.066: require('nvim-tree.explorer')
040.086  001.258  000.054: require('nvim-tree.core')
040.142  000.055  000.055: require('nvim-tree.renderer.components.padding')
040.195  000.052  000.052: require('nvim-tree.renderer.components.icons')
040.297  000.101  000.101: require('nvim-tree.renderer.components.full-name')
040.605  000.183  000.183: require('nvim-tree.renderer.decorator')
040.607  000.245  000.062: require('nvim-tree.renderer.decorator.bookmarks')
040.652  000.044  000.044: require('nvim-tree.renderer.decorator.copied')
040.703  000.051  000.051: require('nvim-tree.renderer.decorator.cut')
040.798  000.051  000.051: require('nvim-tree.diagnostics')
041.157  000.358  000.358: require('vim.diagnostic')
041.162  000.458  000.049: require('nvim-tree.renderer.decorator.diagnostics')
041.283  000.120  000.120: require('nvim-tree.renderer.decorator.git')
041.512  000.100  000.100: require('nvim-tree.buffers')
041.513  000.230  000.130: require('nvim-tree.renderer.decorator.modified')
041.613  000.099  000.099: require('nvim-tree.renderer.decorator.hidden')
041.763  000.149  000.149: require('nvim-tree.renderer.decorator.opened')
041.772  001.475  000.079: require('nvim-tree.renderer.builder')
041.780  003.014  000.073: require('nvim-tree.renderer')
041.791  003.127  000.113: require('nvim-tree.lib')
042.070  000.278  000.278: require('nvim-tree.appearance')
042.335  000.043  000.043: require('nvim-tree.actions.finders.find-file')
042.377  000.041  000.041: require('nvim-tree.actions.finders.search-node')
042.378  000.126  000.042: require('nvim-tree.actions.finders')
042.462  000.041  000.041: require('nvim-tree.actions.fs.create-file')
042.506  000.043  000.043: require('nvim-tree.actions.fs.remove-file')
042.550  000.043  000.043: require('nvim-tree.actions.fs.rename-file')
042.632  000.040  000.040: require('nvim-tree.actions.reloaders')
042.633  000.082  000.043: require('nvim-tree.actions.fs.trash')
042.634  000.256  000.046: require('nvim-tree.actions.fs')
042.720  000.041  000.041: require('nvim-tree.actions.moves.item')
042.761  000.040  000.040: require('nvim-tree.actions.moves.parent')
042.801  000.039  000.039: require('nvim-tree.actions.moves.sibling')
042.802  000.167  000.047: require('nvim-tree.actions.moves')
042.886  000.042  000.042: require('nvim-tree.actions.node.file-popup')
042.937  000.051  000.051: require('nvim-tree.actions.node.open-file')
042.977  000.039  000.039: require('nvim-tree.actions.node.run-command')
043.018  000.040  000.040: require('nvim-tree.actions.node.system-open')
043.019  000.216  000.045: require('nvim-tree.actions.node')
043.101  000.041  000.041: require('nvim-tree.actions.root.change-dir')
043.139  000.038  000.038: require('nvim-tree.actions.root.dir-up')
043.140  000.120  000.041: require('nvim-tree.actions.root')
043.225  000.043  000.043: require('nvim-tree.actions.tree.find-file')
043.439  000.040  000.040: require('nvim-tree.actions.tree.modifiers.collapse-all')
043.482  000.042  000.042: require('nvim-tree.actions.tree.modifiers.expand-all')
043.523  000.041  000.041: require('nvim-tree.actions.tree.modifiers.toggles')
043.524  000.298  000.176: require('nvim-tree.actions.tree.modifiers')
043.564  000.040  000.040: require('nvim-tree.actions.tree.open')
043.603  000.038  000.038: require('nvim-tree.actions.tree.toggle')
043.641  000.037  000.037: require('nvim-tree.actions.tree.resize')
043.642  000.501  000.045: require('nvim-tree.actions.tree')
043.643  001.435  000.048: require('nvim-tree.actions')
043.684  000.041  000.041: require('nvim-tree.appearance.diagnostics')
043.771  000.043  000.043: require('nvim-tree.keymap')
043.773  000.088  000.044: require('nvim-tree.help')
043.789  001.636  000.073: require('nvim-tree.api')
043.791  001.720  000.084: require('nvim-tree.commands')
043.867  000.075  000.075: require('nvim-tree.legacy')
043.879  005.456  000.256: require('nvim-tree')
044.439  000.060  000.060: require('nvim-tree.marks')
044.491  000.051  000.051: require('nvim-tree.actions.fs.clipboard')
044.798  000.229  000.229: require('nvim-web-devicons.icons-default')
044.879  000.383  000.154: require('nvim-web-devicons')
059.354  020.996  015.045: require('config.nvim-tree')
059.356  021.488  000.493: require('nvim-tree.api')
063.850  000.049  000.049: require('lsp.lsp-server')
063.888  000.037  000.037: require('lsp.lsp-formater')
063.926  000.036  000.036: require('lsp.lsp-linter')
063.962  000.035  000.035: require('lsp.dap-server')
064.086  000.041  000.041: require('mason-lspconfig.settings')
064.088  000.086  000.044: require('mason-lspconfig')
064.362  000.038  000.038: require('mason-core.functional.table')
064.365  000.082  000.044: require('mason-nvim-dap.mappings.source')
064.468  000.061  000.061: require('mason-lspconfig.notify')
064.470  000.101  000.040: require('mason-lspconfig.lspconfig_hook')
064.575  000.105  000.105: require('lspconfig.util')
064.650  000.073  000.073: require('mason-lspconfig.mappings.server')
064.687  000.036  000.036: require('mason-lspconfig.server_config_extensions')
064.769  000.037  000.037: require('lspconfig.async')
064.770  000.082  000.045: require('lspconfig.configs')
064.838  000.067  000.067: require('lspconfig.server_configurations.omnisharp')
064.890  000.041  000.041: require('mason-lspconfig.ensure_installed')
065.115  000.044  000.044: require('mason-core.result')
065.404  000.063  000.063: require('mason-core.process')
065.507  000.102  000.102: require('mason-core.spawn')
065.508  000.349  000.185: require('mason-core.managers.powershell')
065.544  000.035  000.035: require('mason.version')
065.545  000.430  000.045: require('mason-core.fetch')
065.613  000.047  000.047: require('mason-core.providers')
065.763  000.063  000.063: require('mason-core.purl')
065.768  000.120  000.057: require('mason-core.package')
066.044  000.045  000.045: require('mason-core.installer.registry.expr')
066.048  000.095  000.051: require('mason-core.installer.registry.link')
066.300  000.042  000.042: require('mason-core.receipt')
066.310  000.129  000.087: require('mason-core.installer.context')
066.350  000.039  000.039: require('mason-core.async.control')
066.390  000.039  000.039: require('mason-core.installer.linker')
066.392  000.260  000.053: require('mason-core.installer')
066.399  000.312  000.052: require('mason-core.installer.managers.std')
066.399  000.351  000.039: require('mason-core.installer.registry.schemas')
066.437  000.037  000.037: require('mason-core.installer.registry.util')
066.440  000.671  000.188: require('mason-core.installer.registry')
066.441  000.828  000.037: require('mason-registry.sources.util')
066.445  001.552  000.204: require('mason-registry.sources.github')
069.039  000.045  000.045: require('mason-core.functional.number')
069.048  000.109  000.064: require('mason-lspconfig.api.command')
069.396  000.053  000.053: require('lspconfig')
069.449  000.052  000.052: require('lspconfig.server_configurations.ruff')
070.423  000.088  000.088: require('lspconfig.manager')
070.490  000.059  000.059: require('lspconfig.server_configurations.lua_ls')
071.128  000.083  000.083: require('lspconfig.server_configurations.pyright')
071.412  036.160  009.452: require('lsp.lsp-init')
072.642  000.074  000.074: require('luasnip.util.types')
072.644  000.127  000.053: require('luasnip.util.ext_opts')
072.799  000.051  000.051: require('luasnip.util.lazy_table')
072.851  000.051  000.051: require('luasnip.extras.filetype_functions')
072.860  000.167  000.064: require('luasnip.default_config')
072.861  000.217  000.050: require('luasnip.session')
072.863  000.524  000.180: require('luasnip.config')
073.041  000.105  000.105: require('luasnip.util.util')
073.142  000.051  000.051: require('luasnip.nodes.key_indexer')
073.145  000.104  000.052: require('luasnip.nodes.util')
073.422  000.053  000.053: require('luasnip.session.snippet_collection.source')
073.477  000.055  000.055: require('luasnip.util.table')
073.522  000.044  000.044: require('luasnip.util.auto_table')
073.526  000.381  000.229: require('luasnip.session.snippet_collection')
073.673  000.051  000.051: require('luasnip.util.select')
073.711  000.038  000.038: require('luasnip.util.time')
073.864  000.290  000.201: require('luasnip.util._builtin_vars')
073.882  000.355  000.065: require('luasnip.util.environ')
073.925  000.043  000.043: require('luasnip.util.extend_decorator')
074.038  000.066  000.066: require('luasnip.util.path')
074.185  000.097  000.097: require('luasnip.util.log')
074.188  000.150  000.053: require('luasnip.loaders.util')
074.229  000.041  000.041: require('luasnip.loaders.data')
074.329  000.099  000.099: require('luasnip.loaders.fs_watchers')
074.331  000.405  000.050: require('luasnip.loaders')
074.341  001.476  000.084: require('luasnip')
074.350  002.264  000.263: sourcing /Users/weitingchen/.local/share/nvim/lazy/LuaSnip/plugin/luasnip.lua
074.393  000.013  000.013: sourcing /Users/weitingchen/.local/share/nvim/lazy/LuaSnip/plugin/luasnip.vim
075.533  000.120  000.120: require('cmp.utils.api')
075.660  000.060  000.060: require('cmp.types.cmp')
075.844  000.110  000.110: require('cmp.utils.misc')
075.853  000.192  000.082: require('cmp.types.lsp')
075.912  000.058  000.058: require('cmp.types.vim')
075.913  000.379  000.069: require('cmp.types')
075.971  000.057  000.057: require('cmp.utils.highlight')
076.092  000.062  000.062: require('cmp.utils.debug')
076.094  000.123  000.061: require('cmp.utils.autocmd')
076.270  000.893  000.214: sourcing /Users/weitingchen/.local/share/nvim/lazy/nvim-cmp/plugin/cmp.lua
076.889  000.113  000.113: require('cmp.utils.char')
076.894  000.327  000.214: require('cmp.utils.str')
077.110  000.065  000.065: require('cmp.utils.buffer')
077.124  000.177  000.111: require('cmp.utils.keymap')
077.125  000.230  000.053: require('cmp.utils.feedkeys')
077.254  000.039  000.039: require('cmp.config.mapping')
077.288  000.034  000.034: require('cmp.utils.cache')
077.366  000.038  000.038: require('cmp.config.compare')
077.367  000.077  000.039: require('cmp.config.default')
077.374  000.197  000.047: require('cmp.config')
077.378  000.253  000.056: require('cmp.utils.async')
077.447  000.033  000.033: require('cmp.utils.pattern')
077.449  000.070  000.036: require('cmp.context')
077.626  000.091  000.091: require('cmp.utils.snippet')
077.671  000.044  000.044: require('cmp.matcher')
077.674  000.183  000.049: require('cmp.entry')
077.677  000.228  000.045: require('cmp.source')
077.758  000.036  000.036: require('cmp.utils.event')
077.874  000.034  000.034: require('cmp.utils.options')
077.876  000.080  000.046: require('cmp.utils.window')
077.877  000.119  000.040: require('cmp.view.docs_view')
077.925  000.047  000.047: require('cmp.view.custom_entries_view')
077.969  000.043  000.043: require('cmp.view.wildmenu_entries_view')
078.010  000.041  000.041: require('cmp.view.native_entries_view')
078.056  000.045  000.045: require('cmp.view.ghost_text_view')
078.060  000.382  000.050: require('cmp.view')
078.266  001.905  000.416: require('cmp.core')
078.341  000.039  000.039: require('cmp.config.sources')
078.384  000.042  000.042: require('cmp.config.window')
078.423  006.966  001.810: require('cmp')
078.919  007.506  000.541: require('lsp.cmp')
079.707  000.046  000.046: require('lualine_require')
079.858  000.414  000.369: require('lualine')
081.188  000.047  000.047: require('lualine.utils.mode')
082.742  003.352  002.891: require('config.lualine')
083.165  000.042  000.042: require('gitsigns.async')
083.205  000.038  000.038: require('gitsigns.debug.log')
083.264  000.058  000.058: require('gitsigns.config')
083.266  000.368  000.229: require('gitsigns')
083.378  000.051  000.051: require('gitsigns.highlight')
085.021  000.035  000.035: require('gitsigns.debounce')
085.500  000.236  000.236: require('mini.indentscope')
085.590  000.369  000.133: require('config.indentscope')
085.905  000.192  000.192: sourcing /Users/weitingchen/.local/share/nvim/lazy/vim-sleuth/plugin/sleuth.vim
086.069  000.035  000.035: sourcing /opt/homebrew/Cellar/neovim/0.10.1/share/nvim/runtime/plugin/editorconfig.lua
086.154  000.058  000.058: sourcing /opt/homebrew/Cellar/neovim/0.10.1/share/nvim/runtime/plugin/gzip.vim
086.206  000.028  000.028: sourcing /opt/homebrew/Cellar/neovim/0.10.1/share/nvim/runtime/plugin/man.lua
086.632  000.078  000.078: sourcing /opt/homebrew/Cellar/neovim/0.10.1/share/nvim/runtime/pack/dist/opt/matchit/plugin/matchit.vim
086.639  000.410  000.332: sourcing /opt/homebrew/Cellar/neovim/0.10.1/share/nvim/runtime/plugin/matchit.vim
086.735  000.072  000.072: sourcing /opt/homebrew/Cellar/neovim/0.10.1/share/nvim/runtime/plugin/matchparen.vim
086.766  000.006  000.006: sourcing /opt/homebrew/Cellar/neovim/0.10.1/share/nvim/runtime/plugin/netrwPlugin.vim
086.814  000.024  000.024: sourcing /opt/homebrew/Cellar/neovim/0.10.1/share/nvim/runtime/plugin/osc52.lua
086.897  000.059  000.059: sourcing /opt/homebrew/Cellar/neovim/0.10.1/share/nvim/runtime/plugin/rplugin.vim
086.946  000.025  000.025: sourcing /opt/homebrew/Cellar/neovim/0.10.1/share/nvim/runtime/plugin/shada.vim
086.978  000.007  000.007: sourcing /opt/homebrew/Cellar/neovim/0.10.1/share/nvim/runtime/plugin/spellfile.vim
087.061  000.032  000.032: sourcing /opt/homebrew/Cellar/neovim/0.10.1/share/nvim/runtime/plugin/tarPlugin.vim
087.133  000.023  000.023: sourcing /opt/homebrew/Cellar/neovim/0.10.1/share/nvim/runtime/plugin/tohtml.lua
087.189  000.007  000.007: sourcing /opt/homebrew/Cellar/neovim/0.10.1/share/nvim/runtime/plugin/tutor.vim
087.282  000.045  000.045: sourcing /opt/homebrew/Cellar/neovim/0.10.1/share/nvim/runtime/plugin/zipPlugin.vim
087.447  000.049  000.049: require('cmp_path')
087.455  000.079  000.030: sourcing /Users/weitingchen/.local/share/nvim/lazy/cmp-path/after/plugin/cmp_path.lua
087.695  000.040  000.040: require('cmp_buffer.timer')
087.697  000.087  000.047: require('cmp_buffer.buffer')
087.699  000.128  000.041: require('cmp_buffer.source')
087.700  000.164  000.036: require('cmp_buffer')
087.705  000.191  000.027: sourcing /Users/weitingchen/.local/share/nvim/lazy/cmp-buffer/after/plugin/cmp_buffer.lua
087.816  000.042  000.042: require('cmp_luasnip')
087.835  000.084  000.043: sourcing /Users/weitingchen/.local/share/nvim/lazy/cmp_luasnip/after/plugin/cmp_luasnip.lua
087.902  000.023  000.023: sourcing /Users/weitingchen/.local/share/nvim/lazy/cmp-nvim-lsp/after/plugin/cmp_nvim_lsp.lua
087.946  081.706  013.728: require('core.lazy')
087.954  084.007  000.118: require('core')
087.955  084.029  000.022: sourcing /Users/weitingchen/.config/nvim/init.lua
087.964  000.548: sourcing vimrc file(s)
088.391  000.020  000.020: sourcing /opt/homebrew/Cellar/neovim/0.10.1/share/nvim/runtime/filetype.lua
088.696  000.024  000.024: sourcing /opt/homebrew/Cellar/neovim/0.10.1/share/nvim/runtime/syntax/synload.vim
088.756  000.302  000.278: sourcing /opt/homebrew/Cellar/neovim/0.10.1/share/nvim/runtime/syntax/syntax.vim
088.760  000.475: inits 3
090.035  001.274: reading ShaDa
090.147  000.058  000.058: require('oil.actions')
090.185  000.036  000.036: require('oil.layout')
090.186  000.137  000.043: require('oil.keymap_util')
090.221  000.034  000.034: require('oil.loading')
090.310  000.036  000.036: require('oil.cache')
090.349  000.038  000.038: require('oil.columns')
090.353  000.131  000.057: require('oil.view')
090.439  000.034  000.034: require('oil.git')
090.474  000.034  000.034: require('oil.adapters.files.permissions')
090.508  000.033  000.033: require('oil.adapters.files.trash')
090.512  000.157  000.055: require('oil.adapters.files')
093.062  000.041  000.041: require('luasnip.util.directed_graph')
093.099  000.037  000.037: require('luasnip.session.enqueueable_operations')
093.102  000.132  000.054: require('luasnip.loaders.from_lua')
093.372  000.031  000.031: require('luasnip.util.events')
093.377  000.079  000.048: require('luasnip.nodes.node')
093.490  000.113  000.113: require('luasnip.nodes.insertNode')
093.530  000.039  000.039: require('luasnip.nodes.textNode')
093.568  000.037  000.037: require('luasnip.util.mark')
093.603  000.034  000.034: require('luasnip.util.pattern_tokenizer')
093.636  000.032  000.032: require('luasnip.util.dict')
093.928  000.005  000.005: require('jsregexp.core')
093.929  000.050  000.045: require('luasnip-jsregexp')
093.930  000.261  000.210: require('luasnip.util.jsregexp')
093.931  000.295  000.034: require('luasnip.nodes.util.trig_engines')
093.947  000.705  000.076: require('luasnip.nodes.snippet')
093.949  000.740  000.034: require('luasnip.nodes.duplicate')
093.950  000.802  000.063: require('luasnip.loaders.snippet_cache')
093.953  000.849  000.047: require('luasnip.loaders.from_snipmate')
094.368  000.042  000.042: require('luasnip.util.parser.neovim_ast')
094.413  000.044  000.044: require('luasnip.util.str')
094.441  000.167  000.081: require('luasnip.util.parser.ast_utils')
094.491  000.049  000.049: require('luasnip.nodes.functionNode')
094.547  000.055  000.055: require('luasnip.nodes.choiceNode')
094.596  000.049  000.049: require('luasnip.nodes.dynamicNode')
094.637  000.040  000.040: require('luasnip.util.functions')
094.639  000.448  000.088: require('luasnip.util.parser.ast_parser')
094.698  000.058  000.058: require('luasnip.util.parser.neovim_parser')
094.701  000.697  000.191: require('luasnip.util.parser')
094.737  000.036  000.036: require('luasnip.nodes.snippetProxy')
094.811  000.072  000.072: require('luasnip.util.jsonc')
094.814  000.861  000.056: require('luasnip.loaders.from_vscode')
095.228  000.010  000.010: sourcing /Users/weitingchen/.local/share/nvim/lazy/oil.nvim/syntax/oil.vim
097.149  004.803: opening buffers
097.891  000.012  000.012: sourcing /Users/weitingchen/.local/share/nvim/lazy/nvim-treesitter/autoload/nvim_treesitter.vim
097.951  000.050  000.050: require('nvim-treesitter.fold')
098.010  000.026  000.026: sourcing /Users/weitingchen/.local/share/nvim/lazy/lspsaga.nvim/plugin/lspsaga.lua
098.097  000.075  000.075: require('lspsaga')
098.192  000.042  000.042: require('lspsaga.lspkind')
098.193  000.087  000.045: require('lspsaga.highlight')
098.442  000.044  000.044: require('vim.version')
099.015  000.661  000.618: require('lspsaga.codeaction.lightbulb')
099.929  000.503  000.503: require('lspsaga.symbol.head')
101.190  000.063  000.063: require('null-ls.utils.tbl_flatten')
101.202  000.159  000.096: require('null-ls.utils')
101.215  000.233  000.074: require('null-ls.config')
101.330  000.050  000.050: require('null-ls.helpers.cache')
101.401  000.070  000.070: require('null-ls.helpers.diagnostics')
101.485  000.083  000.083: require('null-ls.helpers.formatter_factory')
101.631  000.071  000.071: require('null-ls.logger')
101.686  000.054  000.054: require('null-ls.state')
101.688  000.203  000.078: require('null-ls.helpers.generator_factory')
101.795  000.057  000.057: require('null-ls.helpers.command_resolver')
101.796  000.107  000.051: require('null-ls.helpers.make_builtin')
101.847  000.051  000.051: require('null-ls.helpers.range_formatting_args_factory')
101.848  000.632  000.069: require('null-ls.helpers')
102.040  000.069  000.069: require('null-ls.methods')
102.042  000.134  000.065: require('null-ls.diagnostics')
102.047  000.198  000.064: require('null-ls.sources')
102.128  000.080  000.080: require('null-ls.builtins')
102.137  001.651  000.508: require('null-ls')
102.218  000.078  000.078: require('null-ls.builtins.formatting.stylua')
102.294  000.075  000.075: require('none-ls.diagnostics.ruff')
102.417  000.093  000.093: require('null-ls.builtins.formatting.isort')
102.497  000.066  000.066: require('null-ls.builtins.formatting.black')
103.041  000.087  000.087: require('null-ls.loop')
103.047  000.164  000.077: require('null-ls.client')
103.055  002.643  000.517: require('lsp.none-ls')
103.705  002.497: BufEnter autocommands
103.706  000.001: editing files in windows
104.089  000.036  000.036: sourcing /Users/weitingchen/.local/share/nvim/lazy/barbar.nvim/plugin/barbar.lua
104.672  000.076  000.076: require('barbar.animate')
104.910  000.078  000.078: require('barbar.fs')
105.153  000.058  000.058: require('barbar.utils.table')
105.198  000.044  000.044: require('barbar.utils')
105.203  000.178  000.075: require('barbar.config')
105.248  000.045  000.045: require('barbar.utils.list')
105.256  000.344  000.122: require('barbar.buffer')
105.410  000.061  000.061: require('barbar.utils.highlight')
105.412  000.104  000.043: require('barbar.icons')
105.414  000.158  000.054: require('barbar.ui.layout')
105.463  000.048  000.048: require('barbar.constants')
105.472  000.722  000.094: require('barbar.state')
105.476  000.804  000.082: require('barbar.bbye')
105.532  000.055  000.055: require('barbar.jump_mode')
105.669  000.072  000.072: require('barbar.ui.nodes')
105.675  000.142  000.070: require('barbar.ui.render')
105.684  001.180  000.103: require('barbar.api')
105.907  000.159  000.159: require('barbar.highlight')
105.912  000.227  000.068: require('barbar.events')
105.914  001.796  000.389: require('barbar')
107.077  000.070  000.070: sourcing /Users/weitingchen/.local/share/nvim/lazy/plenary.nvim/plugin/plenary.vim
107.770  000.120  000.120: sourcing /Users/weitingchen/.local/share/nvim/lazy/telescope.nvim/plugin/telescope.lua
108.308  000.461  000.461: require('telescope.builtin')
108.564  000.076  000.076: require('plenary.bit')
108.774  000.209  000.209: require('plenary.functional')
108.808  000.416  000.131: require('plenary.path')
109.064  000.145  000.145: require('plenary.compat')
109.072  000.263  000.118: require('plenary.job')
109.281  000.146  000.146: require('plenary.log')
109.314  000.242  000.096: require('telescope.log')
109.426  000.111  000.111: require('plenary.strings')
109.515  000.088  000.088: require('telescope.state')
109.538  001.229  000.108: require('telescope.utils')
109.739  000.111  000.111: require('telescope._extensions')
109.743  000.205  000.094: require('telescope')
110.302  000.370  000.370: require('telescope.deprecated')
110.459  000.156  000.156: require('telescope.sorters')
111.434  001.662  001.136: require('telescope.config')
112.058  000.223  000.223: require('fzf_lib')
112.060  000.276  000.053: require('telescope._extensions.fzf')
112.075  004.288  000.455: require('config.telescope')
112.124  002.108: VimEnter autocommands
112.204  000.080: UIEnter autocommands
112.718  000.076  000.076: sourcing /opt/homebrew/Cellar/neovim/0.10.1/share/nvim/runtime/autoload/provider/clipboard.vim
112.721  000.441: before starting main loop
112.832  000.111: first screen update
112.833  000.001: --- NVIM STARTED ---

