1735524320.248153 client started (6638): version 3.5a, socket /private/tmp/tmux-501/default, protocol 8
1735524320.248178 on Darwin 23.6.0 Darwin Kernel Version 23.6.0: Fri Nov 15 15:12:52 PST 2024; root:xnu-10063.141.1.702.7~1/RELEASE_ARM64_T6031
1735524320.248184 using libevent 2.1.12-stable select
1735524320.248436 using utf8proc 2.9.0
1735524320.248450 using ncurses 6.5 20240427
1735524320.248465 flags are 0x18010000
1735524320.248470 socket is /private/tmp/tmux-501/default
1735524320.248476 trying connect
1735524320.248486 connect failed: Connection refused
1735524320.248495 lock file is /private/tmp/tmux-501/default.lock
1735524320.248547 flock succeeded
1735524320.248551 got lock (6)
1735524320.248555 trying connect
1735524320.248559 connect failed: Connection refused
1735524320.248832 add peer 0x118008000: 7 (0x0)
1735524320.249692 sending message 111 to peer 0x118008000 (8 bytes)
1735524320.249698 sending message 111 to peer 0x118008000 (8 bytes)
1735524320.249702 sending message 101 to peer 0x118008000 (14 bytes)
1735524320.249706 sending message 109 to peer 0x118008000 (4 bytes)
1735524320.249709 sending message 102 to peer 0x118008000 (13 bytes)
1735524320.249714 sending message 108 to peer 0x118008000 (29 bytes)
1735524320.249718 sending message 112 to peer 0x118008000 (70 bytes)
1735524320.249722 sending message 112 to peer 0x118008000 (5 bytes)
1735524320.249725 sending message 112 to peer 0x118008000 (5 bytes)
1735524320.249729 sending message 112 to peer 0x118008000 (6 bytes)
1735524320.249732 sending message 112 to peer 0x118008000 (6 bytes)
1735524320.249736 sending message 112 to peer 0x118008000 (11 bytes)
1735524320.249739 sending message 112 to peer 0x118008000 (10 bytes)
1735524320.249743 sending message 112 to peer 0x118008000 (13 bytes)
1735524320.249746 sending message 112 to peer 0x118008000 (14 bytes)
1735524320.249750 sending message 112 to peer 0x118008000 (9 bytes)
1735524320.249754 sending message 112 to peer 0x118008000 (21 bytes)
1735524320.249757 sending message 112 to peer 0x118008000 (19 bytes)
1735524320.249761 sending message 112 to peer 0x118008000 (11 bytes)
1735524320.249764 sending message 112 to peer 0x118008000 (21 bytes)
1735524320.249768 sending message 112 to peer 0x118008000 (13 bytes)
1735524320.249771 sending message 112 to peer 0x118008000 (7 bytes)
1735524320.249775 sending message 112 to peer 0x118008000 (13 bytes)
1735524320.249779 sending message 112 to peer 0x118008000 (7 bytes)
1735524320.249782 sending message 112 to peer 0x118008000 (13 bytes)
1735524320.249786 sending message 112 to peer 0x118008000 (9 bytes)
1735524320.249789 sending message 112 to peer 0x118008000 (21 bytes)
1735524320.249793 sending message 112 to peer 0x118008000 (13 bytes)
1735524320.249796 sending message 112 to peer 0x118008000 (9 bytes)
1735524320.249800 sending message 112 to peer 0x118008000 (16 bytes)
1735524320.249803 sending message 112 to peer 0x118008000 (13 bytes)
1735524320.249807 sending message 112 to peer 0x118008000 (9 bytes)
1735524320.249810 sending message 112 to peer 0x118008000 (9 bytes)
1735524320.249814 sending message 112 to peer 0x118008000 (12 bytes)
1735524320.249817 sending message 112 to peer 0x118008000 (8 bytes)
1735524320.249821 sending message 112 to peer 0x118008000 (12 bytes)
1735524320.249825 sending message 112 to peer 0x118008000 (8 bytes)
1735524320.249828 sending message 112 to peer 0x118008000 (13 bytes)
1735524320.249832 sending message 112 to peer 0x118008000 (7 bytes)
1735524320.249835 sending message 112 to peer 0x118008000 (7 bytes)
1735524320.249839 sending message 112 to peer 0x118008000 (9 bytes)
1735524320.249841 sending message 112 to peer 0x118008000 (12 bytes)
1735524320.249845 sending message 112 to peer 0x118008000 (6 bytes)
1735524320.249848 sending message 112 to peer 0x118008000 (9 bytes)
1735524320.249852 sending message 112 to peer 0x118008000 (15 bytes)
1735524320.249855 sending message 112 to peer 0x118008000 (13 bytes)
1735524320.249859 sending message 112 to peer 0x118008000 (9 bytes)
1735524320.249862 sending message 112 to peer 0x118008000 (12 bytes)
1735524320.249871 sending message 112 to peer 0x118008000 (8 bytes)
1735524320.249874 sending message 112 to peer 0x118008000 (14 bytes)
1735524320.249877 sending message 112 to peer 0x118008000 (11 bytes)
1735524320.249880 sending message 112 to peer 0x118008000 (9 bytes)
1735524320.249882 sending message 112 to peer 0x118008000 (10 bytes)
1735524320.249885 sending message 112 to peer 0x118008000 (10 bytes)
1735524320.249887 sending message 112 to peer 0x118008000 (10 bytes)
1735524320.249889 sending message 112 to peer 0x118008000 (10 bytes)
1735524320.249892 sending message 112 to peer 0x118008000 (11 bytes)
1735524320.249894 sending message 112 to peer 0x118008000 (12 bytes)
1735524320.249895 sending message 112 to peer 0x118008000 (12 bytes)
1735524320.249897 sending message 112 to peer 0x118008000 (12 bytes)
1735524320.249900 sending message 112 to peer 0x118008000 (12 bytes)
1735524320.249901 sending message 112 to peer 0x118008000 (12 bytes)
1735524320.249904 sending message 112 to peer 0x118008000 (11 bytes)
1735524320.249906 sending message 112 to peer 0x118008000 (11 bytes)
1735524320.249909 sending message 112 to peer 0x118008000 (12 bytes)
1735524320.249911 sending message 112 to peer 0x118008000 (12 bytes)
1735524320.249915 sending message 112 to peer 0x118008000 (12 bytes)
1735524320.249917 sending message 112 to peer 0x118008000 (12 bytes)
1735524320.249920 sending message 112 to peer 0x118008000 (12 bytes)
1735524320.249922 sending message 112 to peer 0x118008000 (9 bytes)
1735524320.249925 sending message 112 to peer 0x118008000 (12 bytes)
1735524320.249927 sending message 112 to peer 0x118008000 (13 bytes)
1735524320.249930 sending message 112 to peer 0x118008000 (13 bytes)
1735524320.249931 sending message 112 to peer 0x118008000 (13 bytes)
1735524320.249933 sending message 112 to peer 0x118008000 (13 bytes)
1735524320.249935 sending message 112 to peer 0x118008000 (13 bytes)
1735524320.249938 sending message 112 to peer 0x118008000 (8 bytes)
1735524320.249939 sending message 112 to peer 0x118008000 (11 bytes)
1735524320.249942 sending message 112 to peer 0x118008000 (11 bytes)
1735524320.249945 sending message 112 to peer 0x118008000 (11 bytes)
1735524320.249947 sending message 112 to peer 0x118008000 (12 bytes)
1735524320.249950 sending message 112 to peer 0x118008000 (12 bytes)
1735524320.249953 sending message 112 to peer 0x118008000 (12 bytes)
1735524320.249955 sending message 112 to peer 0x118008000 (12 bytes)
1735524320.249958 sending message 112 to peer 0x118008000 (13 bytes)
1735524320.249961 sending message 112 to peer 0x118008000 (13 bytes)
1735524320.249964 sending message 112 to peer 0x118008000 (13 bytes)
1735524320.249967 sending message 112 to peer 0x118008000 (8 bytes)
1735524320.249970 sending message 112 to peer 0x118008000 (13 bytes)
1735524320.249973 sending message 112 to peer 0x118008000 (13 bytes)
1735524320.249975 sending message 112 to peer 0x118008000 (13 bytes)
1735524320.249978 sending message 112 to peer 0x118008000 (13 bytes)
1735524320.249980 sending message 112 to peer 0x118008000 (13 bytes)
1735524320.249983 sending message 112 to peer 0x118008000 (12 bytes)
1735524320.249986 sending message 112 to peer 0x118008000 (12 bytes)
1735524320.249989 sending message 112 to peer 0x118008000 (12 bytes)
1735524320.249992 sending message 112 to peer 0x118008000 (12 bytes)
1735524320.249994 sending message 112 to peer 0x118008000 (13 bytes)
1735524320.249997 sending message 112 to peer 0x118008000 (8 bytes)
1735524320.249999 sending message 112 to peer 0x118008000 (13 bytes)
1735524320.250001 sending message 112 to peer 0x118008000 (13 bytes)
1735524320.250004 sending message 112 to peer 0x118008000 (13 bytes)
1735524320.250007 sending message 112 to peer 0x118008000 (13 bytes)
1735524320.250009 sending message 112 to peer 0x118008000 (13 bytes)
1735524320.250012 sending message 112 to peer 0x118008000 (13 bytes)
1735524320.250014 sending message 112 to peer 0x118008000 (13 bytes)
1735524320.250017 sending message 112 to peer 0x118008000 (12 bytes)
1735524320.250020 sending message 112 to peer 0x118008000 (12 bytes)
1735524320.250025 sending message 112 to peer 0x118008000 (12 bytes)
1735524320.250027 sending message 112 to peer 0x118008000 (8 bytes)
1735524320.250030 sending message 112 to peer 0x118008000 (12 bytes)
1735524320.250033 sending message 112 to peer 0x118008000 (13 bytes)
1735524320.250036 sending message 112 to peer 0x118008000 (13 bytes)
1735524320.250038 sending message 112 to peer 0x118008000 (13 bytes)
1735524320.250041 sending message 112 to peer 0x118008000 (13 bytes)
1735524320.250044 sending message 112 to peer 0x118008000 (13 bytes)
1735524320.250046 sending message 112 to peer 0x118008000 (13 bytes)
1735524320.250049 sending message 112 to peer 0x118008000 (13 bytes)
1735524320.250051 sending message 112 to peer 0x118008000 (13 bytes)
1735524320.250054 sending message 112 to peer 0x118008000 (12 bytes)
1735524320.250057 sending message 112 to peer 0x118008000 (10 bytes)
1735524320.250059 sending message 112 to peer 0x118008000 (12 bytes)
1735524320.250062 sending message 112 to peer 0x118008000 (12 bytes)
1735524320.250065 sending message 112 to peer 0x118008000 (12 bytes)
1735524320.250067 sending message 112 to peer 0x118008000 (13 bytes)
1735524320.250070 sending message 112 to peer 0x118008000 (13 bytes)
1735524320.250072 sending message 112 to peer 0x118008000 (13 bytes)
1735524320.250075 sending message 112 to peer 0x118008000 (13 bytes)
1735524320.250077 sending message 112 to peer 0x118008000 (13 bytes)
1735524320.250080 sending message 112 to peer 0x118008000 (13 bytes)
1735524320.250083 sending message 112 to peer 0x118008000 (13 bytes)
1735524320.250085 sending message 112 to peer 0x118008000 (10 bytes)
1735524320.250088 sending message 112 to peer 0x118008000 (13 bytes)
1735524320.250091 sending message 112 to peer 0x118008000 (12 bytes)
1735524320.250093 sending message 112 to peer 0x118008000 (12 bytes)
1735524320.250096 sending message 112 to peer 0x118008000 (12 bytes)
1735524320.250099 sending message 112 to peer 0x118008000 (10 bytes)
1735524320.250101 sending message 112 to peer 0x118008000 (10 bytes)
1735524320.250104 sending message 112 to peer 0x118008000 (10 bytes)
1735524320.250106 sending message 112 to peer 0x118008000 (12 bytes)
1735524320.250109 sending message 112 to peer 0x118008000 (13 bytes)
1735524320.250111 sending message 112 to peer 0x118008000 (13 bytes)
1735524320.250113 sending message 112 to peer 0x118008000 (13 bytes)
1735524320.250115 sending message 112 to peer 0x118008000 (13 bytes)
1735524320.250117 sending message 112 to peer 0x118008000 (13 bytes)
1735524320.250120 sending message 112 to peer 0x118008000 (10 bytes)
1735524320.250122 sending message 112 to peer 0x118008000 (11 bytes)
1735524320.250125 sending message 112 to peer 0x118008000 (12 bytes)
1735524320.250127 sending message 112 to peer 0x118008000 (12 bytes)
1735524320.250130 sending message 112 to peer 0x118008000 (12 bytes)
1735524320.250133 sending message 112 to peer 0x118008000 (12 bytes)
1735524320.250135 sending message 112 to peer 0x118008000 (12 bytes)
1735524320.250138 sending message 112 to peer 0x118008000 (11 bytes)
1735524320.250141 sending message 112 to peer 0x118008000 (12 bytes)
1735524320.250143 sending message 112 to peer 0x118008000 (12 bytes)
1735524320.250147 sending message 112 to peer 0x118008000 (13 bytes)
1735524320.250150 sending message 112 to peer 0x118008000 (13 bytes)
1735524320.250152 sending message 112 to peer 0x118008000 (13 bytes)
1735524320.250154 sending message 112 to peer 0x118008000 (13 bytes)
1735524320.250157 sending message 112 to peer 0x118008000 (13 bytes)
1735524320.250160 sending message 112 to peer 0x118008000 (10 bytes)
1735524320.250163 sending message 112 to peer 0x118008000 (9 bytes)
1735524320.250166 sending message 112 to peer 0x118008000 (12 bytes)
1735524320.250168 sending message 112 to peer 0x118008000 (13 bytes)
1735524320.250171 sending message 112 to peer 0x118008000 (13 bytes)
1735524320.250174 sending message 112 to peer 0x118008000 (13 bytes)
1735524320.250176 sending message 112 to peer 0x118008000 (13 bytes)
1735524320.250182 sending message 112 to peer 0x118008000 (13 bytes)
1735524320.250184 sending message 112 to peer 0x118008000 (9 bytes)
1735524320.250187 sending message 112 to peer 0x118008000 (12 bytes)
1735524320.250189 sending message 112 to peer 0x118008000 (13 bytes)
1735524320.250192 sending message 112 to peer 0x118008000 (13 bytes)
1735524320.250194 sending message 112 to peer 0x118008000 (13 bytes)
1735524320.250198 sending message 112 to peer 0x118008000 (13 bytes)
1735524320.250199 sending message 112 to peer 0x118008000 (13 bytes)
1735524320.250201 sending message 112 to peer 0x118008000 (11 bytes)
1735524320.250204 sending message 112 to peer 0x118008000 (12 bytes)
1735524320.250206 sending message 112 to peer 0x118008000 (13 bytes)
1735524320.250208 sending message 112 to peer 0x118008000 (13 bytes)
1735524320.250211 sending message 112 to peer 0x118008000 (13 bytes)
1735524320.250214 sending message 112 to peer 0x118008000 (13 bytes)
1735524320.250217 sending message 112 to peer 0x118008000 (13 bytes)
1735524320.250220 sending message 112 to peer 0x118008000 (11 bytes)
1735524320.250223 sending message 112 to peer 0x118008000 (12 bytes)
1735524320.250225 sending message 112 to peer 0x118008000 (12 bytes)
1735524320.250227 sending message 112 to peer 0x118008000 (12 bytes)
1735524320.250230 sending message 112 to peer 0x118008000 (12 bytes)
1735524320.250233 sending message 112 to peer 0x118008000 (12 bytes)
1735524320.250235 sending message 112 to peer 0x118008000 (21 bytes)
1735524320.250238 sending message 112 to peer 0x118008000 (12 bytes)
1735524320.250240 sending message 112 to peer 0x118008000 (9 bytes)
1735524320.250243 sending message 112 to peer 0x118008000 (6 bytes)
1735524320.250247 sending message 112 to peer 0x118008000 (13 bytes)
1735524320.250250 sending message 112 to peer 0x118008000 (10 bytes)
1735524320.250253 sending message 112 to peer 0x118008000 (15 bytes)
1735524320.250255 sending message 112 to peer 0x118008000 (13 bytes)
1735524320.250258 sending message 112 to peer 0x118008000 (9 bytes)
1735524320.250260 sending message 112 to peer 0x118008000 (70 bytes)
1735524320.250263 sending message 112 to peer 0x118008000 (69 bytes)
1735524320.250265 sending message 112 to peer 0x118008000 (34 bytes)
1735524320.250268 sending message 112 to peer 0x118008000 (34 bytes)
1735524320.250270 sending message 112 to peer 0x118008000 (70 bytes)
1735524320.250273 sending message 112 to peer 0x118008000 (12 bytes)
1735524320.250276 sending message 112 to peer 0x118008000 (10 bytes)
1735524320.250278 sending message 112 to peer 0x118008000 (10 bytes)
1735524320.250281 sending message 112 to peer 0x118008000 (15 bytes)
1735524320.250284 sending message 112 to peer 0x118008000 (13 bytes)
1735524320.250286 sending message 112 to peer 0x118008000 (10 bytes)
1735524320.250288 sending message 112 to peer 0x118008000 (10 bytes)
1735524320.250291 sending message 112 to peer 0x118008000 (17 bytes)
1735524320.250293 sending message 112 to peer 0x118008000 (10 bytes)
1735524320.250295 sending message 112 to peer 0x118008000 (13 bytes)
1735524320.250298 sending message 112 to peer 0x118008000 (32 bytes)
1735524320.250300 sending message 112 to peer 0x118008000 (5 bytes)
1735524320.250303 sending message 112 to peer 0x118008000 (9 bytes)
1735524320.250306 sending message 112 to peer 0x118008000 (15 bytes)
1735524320.250309 sending message 112 to peer 0x118008000 (5 bytes)
1735524320.250311 sending message 104 to peer 0x118008000 (0 bytes)
1735524320.250314 sending message 110 to peer 0x118008000 (0 bytes)
1735524320.250317 sending message 107 to peer 0x118008000 (4 bytes)
1735524320.250320 sending message 105 to peer 0x118008000 (162 bytes)
1735524320.250323 sending message 105 to peer 0x118008000 (75 bytes)
1735524320.250325 sending message 105 to peer 0x118008000 (21 bytes)
1735524320.250328 sending message 105 to peer 0x118008000 (19 bytes)
1735524320.250331 sending message 105 to peer 0x118008000 (15 bytes)
1735524320.250333 sending message 105 to peer 0x118008000 (57 bytes)
1735524320.250340 sending message 105 to peer 0x118008000 (27 bytes)
1735524320.250343 sending message 105 to peer 0x118008000 (17 bytes)
1735524320.250346 sending message 105 to peer 0x118008000 (22 bytes)
1735524320.250348 sending message 105 to peer 0x118008000 (66 bytes)
1735524320.250351 sending message 105 to peer 0x118008000 (32 bytes)
1735524320.250354 sending message 105 to peer 0x118008000 (432 bytes)
1735524320.250357 sending message 105 to peer 0x118008000 (54 bytes)
1735524320.250360 sending message 105 to peer 0x118008000 (43 bytes)
1735524320.250362 sending message 105 to peer 0x118008000 (33 bytes)
1735524320.250365 sending message 105 to peer 0x118008000 (17 bytes)
1735524320.250367 sending message 105 to peer 0x118008000 (14 bytes)
1735524320.250370 sending message 105 to peer 0x118008000 (19 bytes)
1735524320.250371 sending message 105 to peer 0x118008000 (8 bytes)
1735524320.250374 sending message 105 to peer 0x118008000 (24 bytes)
1735524320.250376 sending message 105 to peer 0x118008000 (63 bytes)
1735524320.250379 sending message 105 to peer 0x118008000 (20 bytes)
1735524320.250381 sending message 105 to peer 0x118008000 (98 bytes)
1735524320.250384 sending message 105 to peer 0x118008000 (57 bytes)
1735524320.250387 sending message 105 to peer 0x118008000 (38 bytes)
1735524320.250389 sending message 105 to peer 0x118008000 (24 bytes)
1735524320.250392 sending message 105 to peer 0x118008000 (20 bytes)
1735524320.250395 sending message 105 to peer 0x118008000 (44 bytes)
1735524320.250399 sending message 105 to peer 0x118008000 (30 bytes)
1735524320.250404 sending message 105 to peer 0x118008000 (37 bytes)
1735524320.250407 sending message 105 to peer 0x118008000 (34 bytes)
1735524320.250409 sending message 105 to peer 0x118008000 (35 bytes)
1735524320.250412 sending message 105 to peer 0x118008000 (34 bytes)
1735524320.250414 sending message 105 to peer 0x118008000 (11 bytes)
1735524320.250417 sending message 105 to peer 0x118008000 (8 bytes)
1735524320.250420 sending message 105 to peer 0x118008000 (32 bytes)
1735524320.250422 sending message 105 to peer 0x118008000 (96 bytes)
1735524320.250425 sending message 105 to peer 0x118008000 (10 bytes)
1735524320.250428 sending message 105 to peer 0x118008000 (26 bytes)
1735524320.250430 sending message 105 to peer 0x118008000 (66 bytes)
1735524320.250432 sending message 105 to peer 0x118008000 (65 bytes)
1735524320.250435 sending message 105 to peer 0x118008000 (73 bytes)
1735524320.250438 sending message 105 to peer 0x118008000 (68 bytes)
1735524320.250442 sending message 105 to peer 0x118008000 (68 bytes)
1735524320.250444 sending message 105 to peer 0x118008000 (32 bytes)
1735524320.250447 sending message 105 to peer 0x118008000 (16 bytes)
1735524320.250450 sending message 105 to peer 0x118008000 (58 bytes)
1735524320.250452 sending message 105 to peer 0x118008000 (67 bytes)
1735524320.250455 sending message 105 to peer 0x118008000 (12 bytes)
1735524320.250457 sending message 105 to peer 0x118008000 (22 bytes)
1735524320.250459 sending message 105 to peer 0x118008000 (25 bytes)
1735524320.250461 sending message 106 to peer 0x118008000 (0 bytes)
1735524320.250492 sending message 200 to peer 0x118008000 (4 bytes)
1735524320.250495 client loop enter
1735524320.250505 client_signal: Child exited: 20
1735524320.445366 peer 0x118008000 message 207
1735524320.445379 sending message 208 to peer 0x118008000 (0 bytes)
1735524324.087031 peer 0x118008000 message 203
1735524324.087043 sending message 205 to peer 0x118008000 (0 bytes)
1735524324.087205 peer 0x118008000 message 204
1735524324.087211 client loop exit
