2025-03-23 03:13:57,801 DEBUG    root            Loaded Command Group: ['gcloud', 'init']
2025-03-23 03:13:57,801 DEBUG    root            Running [gcloud.init] with arguments: []
2025-03-23 03:13:57,801 INFO     ___FILE_ONLY___ Welcome! This command will take you through the configuration of gcloud.


2025-03-23 03:13:57,802 INFO     ___FILE_ONLY___ Your current configuration has been set to: [default]


2025-03-23 03:13:57,802 INFO     ___FILE_ONLY___ You can skip diagnostics next time by using the following flag:

2025-03-23 03:13:57,802 INFO     ___FILE_ONLY___   gcloud init --skip-diagnostics


2025-03-23 03:13:57,802 INFO     ___FILE_ONLY___ Network diagnostic detects and fixes local network connection issues.

2025-03-23 03:13:57,802 INFO     ___FILE_ONLY___ Checking network connection...
2025-03-23 03:13:59,207 DEBUG    urllib3.connectionpool Starting new HTTPS connection (1): accounts.google.com:443
2025-03-23 03:13:59,273 DEBUG    urllib3.connectionpool https://accounts.google.com:443 "GET / HTTP/11" 302 365
2025-03-23 03:13:59,300 DEBUG    urllib3.connectionpool https://accounts.google.com:443 "GET /ServiceLogin?passive=1209600&continue=https%3A%2F%2Faccounts.google.com%2F&followup=https%3A%2F%2Faccounts.google.com%2F HTTP/11" 302 0
2025-03-23 03:13:59,342 DEBUG    urllib3.connectionpool https://accounts.google.com:443 "GET /InteractiveLogin?continue=https://accounts.google.com/&followup=https://accounts.google.com/&passive=1209600&ifkv=AXH0vVtNpEbUsRIKqApO-emkIXX_hNWAnM-l9glKnTs2c71R42YxX9A4PlqDDUa_GVLcNzQrIHiyKg HTTP/11" 302 554
2025-03-23 03:13:59,386 DEBUG    urllib3.connectionpool https://accounts.google.com:443 "GET /v3/signin/identifier?continue=https%3A%2F%2Faccounts.google.com%2F&followup=https%3A%2F%2Faccounts.google.com%2F&ifkv=AXH0vVsJtnqYo6cJtBbH_GMt2OJyYOyN44yGCrQgCuKkXhsvsxsPyd1ZndDCSHmxQaEPXuU4F_UQ0Q&passive=1209600&flowName=WebLiteSignIn&flowEntry=ServiceLogin&dsh=S2016015716%3A1742696039383308 HTTP/11" 200 None
2025-03-23 03:13:59,449 DEBUG    urllib3.connectionpool Starting new HTTPS connection (1): cloudresourcemanager.googleapis.com:443
2025-03-23 03:14:00,114 DEBUG    urllib3.connectionpool https://cloudresourcemanager.googleapis.com:443 "GET /v1beta1/projects HTTP/11" 401 None
2025-03-23 03:14:00,121 DEBUG    urllib3.connectionpool Starting new HTTPS connection (1): www.googleapis.com:443
2025-03-23 03:14:00,170 DEBUG    urllib3.connectionpool https://www.googleapis.com:443 "GET /auth/cloud-platform HTTP/11" 200 14
2025-03-23 03:14:00,177 DEBUG    urllib3.connectionpool Starting new HTTPS connection (1): dl.google.com:443
2025-03-23 03:14:00,250 DEBUG    urllib3.connectionpool https://dl.google.com:443 "GET /dl/cloudsdk/channels/rapid/components-2.json HTTP/11" 200 226134
2025-03-23 03:14:00,452 INFO     ___FILE_ONLY___ Reachability Check passed.

2025-03-23 03:14:00,453 INFO     ___FILE_ONLY___ Network diagnostic passed (1/1 checks passed).


2025-03-23 03:14:02,690 DEBUG    root            Loaded Command Group: ['gcloud', 'auth']
2025-03-23 03:14:02,703 DEBUG    root            Loaded Command Group: ['gcloud', 'auth', 'login']
2025-03-23 03:14:02,704 INFO     root            Executing: [gcloud auth login --force --brief]
2025-03-23 03:14:02,705 DEBUG    root            Running [gcloud.auth.login] with arguments: [--brief: "True", --force: "True"]
2025-03-23 03:14:02,769 DEBUG    requests_oauthlib.oauth2_session Generated new state o6J96wn0bvcq6dUpai2LDg6duLeuer.
2025-03-23 03:14:02,867 INFO     ___FILE_ONLY___ Your browser has been opened to visit:

    https://accounts.google.com/o/oauth2/auth?response_type=code&client_id=32555940559.apps.googleusercontent.com&redirect_uri=http%3A%2F%2Flocalhost%3A8085%2F&scope=openid+https%3A%2F%2Fwww.googleapis.com%2Fauth%2Fuserinfo.email+https%3A%2F%2Fwww.googleapis.com%2Fauth%2Fcloud-platform+https%3A%2F%2Fwww.googleapis.com%2Fauth%2Fappengine.admin+https%3A%2F%2Fwww.googleapis.com%2Fauth%2Fsqlservice.login+https%3A%2F%2Fwww.googleapis.com%2Fauth%2Fcompute+https%3A%2F%2Fwww.googleapis.com%2Fauth%2Faccounts.reauth&state=o6J96wn0bvcq6dUpai2LDg6duLeuer&access_type=offline&code_challenge=Tn_k-o1iTOu83rFDqaWHq4PX5zvlJm7X-KWsgdZpOpg&code_challenge_method=S256


2025-03-23 03:14:19,253 INFO     google_auth_oauthlib.flow "GET /?state=o6J96wn0bvcq6dUpai2LDg6duLeuer&code=4/0AQSTgQF1ndHvojg1jlbEtmsO4r6gI33pdtulU3qz54vqXp2rWVarKiCLDwD9onLG3O2WcQ&scope=email%20openid%20https://www.googleapis.com/auth/userinfo.email%20https://www.googleapis.com/auth/cloud-platform%20https://www.googleapis.com/auth/appengine.admin%20https://www.googleapis.com/auth/sqlservice.login%20https://www.googleapis.com/auth/compute%20https://www.googleapis.com/auth/accounts.reauth&authuser=2&prompt=consent HTTP/1.1" 200 937
2025-03-23 03:14:19,254 DEBUG    requests_oauthlib.oauth2_session Requesting url https://oauth2.googleapis.com/token using method POST.
2025-03-23 03:14:19,254 DEBUG    requests_oauthlib.oauth2_session Supplying headers {b'Accept': b'application/json', b'Content-Type': b'application/x-www-form-urlencoded;charset=UTF-8', b'user-agent': b'google-cloud-sdk gcloud/515.0.0 command/gcloud.auth.login invocation-id/a405ac27a5ed40c39bfd64b266d8bf6f environment/None environment-version/None client-os/MACOSX client-os-ver/23.6.0 client-pltf-arch/arm interactive/True from-script/False python/3.11.11 term/screen-256color (Macintosh; Intel Mac OS X 23.6.0)'} and data {'grant_type': 'authorization_code', 'client_id': '32555940559.apps.googleusercontent.com', 'client_secret': 'ZmssLNjJy2998hD4CTg2ejr2', 'code': '4/0AQSTgQF1ndHvojg1jlbEtmsO4r6gI33pdtulU3qz54vqXp2rWVarKiCLDwD9onLG3O2WcQ', 'redirect_uri': 'http://localhost:8085/', 'code_verifier': 'kp8x1kWuUw23-bRuT1uALwDPlyP79kAH6EmcJ_kDbt9BAvyF0.kWc3Jbmf0UtPf5xGAhC~KCYcL7MxSRLIyBqLY-ZI-mqqhSh_fgTRmLb9FZPteeiLHrs-XXHQkiUzw6'}
2025-03-23 03:14:19,255 DEBUG    requests_oauthlib.oauth2_session Passing through key word arguments {'json': None, 'timeout': None, 'auth': None, 'verify': None, 'proxies': None}.
2025-03-23 03:14:19,257 DEBUG    urllib3.connectionpool Starting new HTTPS connection (1): oauth2.googleapis.com:443
2025-03-23 03:14:19,410 DEBUG    urllib3.connectionpool https://oauth2.googleapis.com:443 "POST /token HTTP/11" 200 None
2025-03-23 03:14:19,410 DEBUG    requests_oauthlib.oauth2_session Prepared fetch token request body grant_type=authorization_code&client_id=32555940559.apps.googleusercontent.com&client_secret=ZmssLNjJy2998hD4CTg2ejr2&code=4%2F0AQSTgQF1ndHvojg1jlbEtmsO4r6gI33pdtulU3qz54vqXp2rWVarKiCLDwD9onLG3O2WcQ&redirect_uri=http%3A%2F%2Flocalhost%3A8085%2F&code_verifier=kp8x1kWuUw23-bRuT1uALwDPlyP79kAH6EmcJ_kDbt9BAvyF0.kWc3Jbmf0UtPf5xGAhC~KCYcL7MxSRLIyBqLY-ZI-mqqhSh_fgTRmLb9FZPteeiLHrs-XXHQkiUzw6
2025-03-23 03:14:19,410 DEBUG    requests_oauthlib.oauth2_session Request to fetch token completed with status 200.
2025-03-23 03:14:19,411 DEBUG    requests_oauthlib.oauth2_session Request headers were {'user-agent': b'google-cloud-sdk gcloud/515.0.0 command/gcloud.auth.login invocation-id/a405ac27a5ed40c39bfd64b266d8bf6f environment/None environment-version/None client-os/MACOSX client-os-ver/23.6.0 client-pltf-arch/arm interactive/True from-script/False python/3.11.11 term/screen-256color (Macintosh; Intel Mac OS X 23.6.0)', 'Accept-Encoding': 'gzip, deflate', 'Accept': b'application/json', 'Connection': 'keep-alive', 'Content-Type': b'application/x-www-form-urlencoded;charset=UTF-8', 'Content-Length': '387'}
2025-03-23 03:14:19,411 DEBUG    requests_oauthlib.oauth2_session Request body was grant_type=authorization_code&client_id=32555940559.apps.googleusercontent.com&client_secret=ZmssLNjJy2998hD4CTg2ejr2&code=4%2F0AQSTgQF1ndHvojg1jlbEtmsO4r6gI33pdtulU3qz54vqXp2rWVarKiCLDwD9onLG3O2WcQ&redirect_uri=http%3A%2F%2Flocalhost%3A8085%2F&code_verifier=kp8x1kWuUw23-bRuT1uALwDPlyP79kAH6EmcJ_kDbt9BAvyF0.kWc3Jbmf0UtPf5xGAhC~KCYcL7MxSRLIyBqLY-ZI-mqqhSh_fgTRmLb9FZPteeiLHrs-XXHQkiUzw6
2025-03-23 03:14:19,411 DEBUG    requests_oauthlib.oauth2_session Response headers were {'Date': 'Sun, 23 Mar 2025 02:14:19 GMT', 'Pragma': 'no-cache', 'Cache-Control': 'no-cache, no-store, max-age=0, must-revalidate', 'Expires': 'Mon, 01 Jan 1990 00:00:00 GMT', 'Content-Type': 'application/json; charset=utf-8', 'Vary': 'Origin, X-Origin, Referer', 'Content-Encoding': 'gzip', 'Server': 'scaffolding on HTTPServer2', 'X-XSS-Protection': '0', 'X-Frame-Options': 'SAMEORIGIN', 'X-Content-Type-Options': 'nosniff', 'Alt-Svc': 'h3=":443"; ma=2592000,h3-29=":443"; ma=2592000', 'Transfer-Encoding': 'chunked'} and content {
  "access_token": "ya29.a0AeXRPp56ADc6-9Hr5ROsW1SGHr03VF9bdXh7NlQii58eMwVSweIk2hVhFd_AK4FH7K9SENOOD8VdBo0PjlYAHE-BaNnMowZ3bOhqEOoSNU4-Is0nz-vplgJsuK1Axx-HWe5tV8UzHKcDMoA-wl28uPCc8LnOFNa0y0uAd9LHVLvxawaCgYKAUsSARMSFQHGX2MiZOkJmp5MfbY6Lt-uVD2MaA0181",
  "expires_in": 3599,
  "refresh_token": "1//0958Mqz6-TbtbCgYIARAAGAkSNwF-L9Ir5O24KLeX0HGY8VdoYIr5V38uxptAKE2roLL4pWo5vJ9KFTZPbYF_eutgR0sQLIXIVy4",
  "scope": "https://www.googleapis.com/auth/cloud-platform openid https://www.googleapis.com/auth/accounts.reauth https://www.googleapis.com/auth/appengine.admin https://www.googleapis.com/auth/sqlservice.login https://www.googleapis.com/auth/userinfo.email https://www.googleapis.com/auth/compute",
  "token_type": "Bearer",
  "id_token": "eyJhbGciOiJSUzI1NiIsImtpZCI6ImVlMTkzZDQ2NDdhYjRhMzU4NWFhOWIyYjNiNDg0YTg3YWE2OGJiNDIiLCJ0eXAiOiJKV1QifQ.eyJpc3MiOiJodHRwczovL2FjY291bnRzLmdvb2dsZS5jb20iLCJhenAiOiIzMjU1NTk0MDU1OS5hcHBzLmdvb2dsZXVzZXJjb250ZW50LmNvbSIsImF1ZCI6IjMyNTU1OTQwNTU5LmFwcHMuZ29vZ2xldXNlcmNvbnRlbnQuY29tIiwic3ViIjoiMTExNzU5NjAxODI2NjEyMTkzMjU5IiwiZW1haWwiOiJ3ZWl0aW5nY2hlbjA1MDJAZ21haWwuY29tIiwiZW1haWxfdmVyaWZpZWQiOnRydWUsImF0X2hhc2giOiJHUUZ5dWR2R0VWWFhKMXNYVkVOWEhBIiwiaWF0IjoxNzQyNjk2MDU5LCJleHAiOjE3NDI2OTk2NTl9.GbNG0senTJId3KVdvIAf40piIMYYLT3W5GygN1cNW2FzdIBeDHBPy0J4gyvk_0hdI2XNFok4Z0Uja6-F--vvrk6ek7fJJ1y3E5xU03YthagT76r9RTiK3rF-03NcYdo46yoW1DVEZdckQilkFZ3W8zJNVTA8gnhI2AamAzSw5zdo9VJV6zNhrrWBMGF-gxB9SMtwhILYPXr0-Vz8fkwTpmoH6OGq9KN7v6cMw4zmr0y8TLsDBUHq657YtZ1q46bWg4YIW4ZHCGBg9Yeq7QAANkHvdhbcgaja8Oj_odT2NLisSzzmM9DW3mZWZJs0Iu9eNNzSRvB4-qEQsE_fCXiEqw"
}.
2025-03-23 03:14:19,411 DEBUG    requests_oauthlib.oauth2_session Invoking 0 token response hooks.
2025-03-23 03:14:19,411 DEBUG    requests_oauthlib.oauth2_session Obtained token {'access_token': 'ya29.a0AeXRPp56ADc6-9Hr5ROsW1SGHr03VF9bdXh7NlQii58eMwVSweIk2hVhFd_AK4FH7K9SENOOD8VdBo0PjlYAHE-BaNnMowZ3bOhqEOoSNU4-Is0nz-vplgJsuK1Axx-HWe5tV8UzHKcDMoA-wl28uPCc8LnOFNa0y0uAd9LHVLvxawaCgYKAUsSARMSFQHGX2MiZOkJmp5MfbY6Lt-uVD2MaA0181', 'expires_in': 3599, 'refresh_token': '1//0958Mqz6-TbtbCgYIARAAGAkSNwF-L9Ir5O24KLeX0HGY8VdoYIr5V38uxptAKE2roLL4pWo5vJ9KFTZPbYF_eutgR0sQLIXIVy4', 'scope': ['https://www.googleapis.com/auth/cloud-platform', 'openid', 'https://www.googleapis.com/auth/accounts.reauth', 'https://www.googleapis.com/auth/appengine.admin', 'https://www.googleapis.com/auth/sqlservice.login', 'https://www.googleapis.com/auth/userinfo.email', 'https://www.googleapis.com/auth/compute'], 'token_type': 'Bearer', 'id_token': 'eyJhbGciOiJSUzI1NiIsImtpZCI6ImVlMTkzZDQ2NDdhYjRhMzU4NWFhOWIyYjNiNDg0YTg3YWE2OGJiNDIiLCJ0eXAiOiJKV1QifQ.eyJpc3MiOiJodHRwczovL2FjY291bnRzLmdvb2dsZS5jb20iLCJhenAiOiIzMjU1NTk0MDU1OS5hcHBzLmdvb2dsZXVzZXJjb250ZW50LmNvbSIsImF1ZCI6IjMyNTU1OTQwNTU5LmFwcHMuZ29vZ2xldXNlcmNvbnRlbnQuY29tIiwic3ViIjoiMTExNzU5NjAxODI2NjEyMTkzMjU5IiwiZW1haWwiOiJ3ZWl0aW5nY2hlbjA1MDJAZ21haWwuY29tIiwiZW1haWxfdmVyaWZpZWQiOnRydWUsImF0X2hhc2giOiJHUUZ5dWR2R0VWWFhKMXNYVkVOWEhBIiwiaWF0IjoxNzQyNjk2MDU5LCJleHAiOjE3NDI2OTk2NTl9.GbNG0senTJId3KVdvIAf40piIMYYLT3W5GygN1cNW2FzdIBeDHBPy0J4gyvk_0hdI2XNFok4Z0Uja6-F--vvrk6ek7fJJ1y3E5xU03YthagT76r9RTiK3rF-03NcYdo46yoW1DVEZdckQilkFZ3W8zJNVTA8gnhI2AamAzSw5zdo9VJV6zNhrrWBMGF-gxB9SMtwhILYPXr0-Vz8fkwTpmoH6OGq9KN7v6cMw4zmr0y8TLsDBUHq657YtZ1q46bWg4YIW4ZHCGBg9Yeq7QAANkHvdhbcgaja8Oj_odT2NLisSzzmM9DW3mZWZJs0Iu9eNNzSRvB4-qEQsE_fCXiEqw', 'expires_at': 1742699658.411437}.
2025-03-23 03:14:19,423 DEBUG    root            Chosen display Format:none
2025-03-23 03:14:19,424 INFO     root            Display format: "none"
2025-03-23 03:14:19,441 DEBUG    root            Checking for updates...
2025-03-23 03:14:19,444 DEBUG    urllib3.connectionpool Starting new HTTPS connection (1): dl.google.com:443
2025-03-23 03:14:19,518 DEBUG    urllib3.connectionpool https://dl.google.com:443 "GET /dl/cloudsdk/channels/rapid/components-2.json HTTP/11" 200 226134
2025-03-23 03:14:19,561 DEBUG    root            Updating notification cache...
2025-03-23 03:14:19,565 INFO     ___FILE_ONLY___ You are signed in as: [weitingchen0502@gmail.com].


2025-03-23 03:14:19,596 DEBUG    urllib3.connectionpool Starting new HTTPS connection (1): cloudresourcemanager.googleapis.com:443
2025-03-23 03:14:20,356 DEBUG    urllib3.connectionpool https://cloudresourcemanager.googleapis.com:443 "GET /v1/projects?alt=json&filter=lifecycleState%3AACTIVE&pageSize=201 HTTP/11" 200 None
2025-03-23 03:15:01,852 DEBUG    urllib3.connectionpool Starting new HTTPS connection (1): cloudresourcemanager.googleapis.com:443
2025-03-23 03:15:02,636 DEBUG    urllib3.connectionpool https://cloudresourcemanager.googleapis.com:443 "GET /v1/projects/mywebproject-420221?alt=json HTTP/11" 403 None
2025-03-23 03:15:10,653 INFO     ___FILE_ONLY___ Your current project has been set to: [mywebproject-420221].


2025-03-23 03:15:10,734 DEBUG    root            Loaded Command Group: ['gcloud', 'compute']
2025-03-23 03:15:10,735 DEBUG    root            Loaded Command Group: ['gcloud', 'compute', 'project_info']
2025-03-23 03:15:10,747 DEBUG    root            Loaded Command Group: ['gcloud', 'compute', 'project-info', 'describe']
2025-03-23 03:15:10,747 INFO     root            Executing: [gcloud compute project-info describe --quiet]
2025-03-23 03:15:10,748 DEBUG    root            Running [gcloud.compute.project-info.describe] with arguments: [--no-user-output-enabled: "false", --quiet: "True", --verbosity: "none"]
2025-03-23 03:15:10,911 DEBUG    urllib3.connectionpool Starting new HTTPS connection (1): compute.googleapis.com:443
2025-03-23 03:15:11,357 DEBUG    urllib3.connectionpool https://compute.googleapis.com:443 "GET /compute/v1/projects/mywebproject-420221?alt=json HTTP/11" 403 None
2025-03-23 03:15:11,359 DEBUG    root            Chosen display Format:list[title="Could not fetch resource:",always-display-title]
2025-03-23 03:15:11,359 DEBUG    root            (gcloud.compute.project-info.describe) Could not fetch resource:
 - Required 'compute.projects.get' permission for 'projects/mywebproject-420221'
Traceback (most recent call last):
  File "/opt/homebrew/Caskroom/google-cloud-sdk/515.0.0/google-cloud-sdk/lib/googlecloudsdk/calliope/cli.py", line 981, in Execute
    resources = calliope_command.Run(cli=self, args=args)
                ^^^^^^^^^^^^^^^^^^^^^^^^^^^^^^^^^^^^^^^^^
  File "/opt/homebrew/Caskroom/google-cloud-sdk/515.0.0/google-cloud-sdk/lib/googlecloudsdk/calliope/backend.py", line 934, in Run
    resources = command_instance.Run(args)
                ^^^^^^^^^^^^^^^^^^^^^^^^^^
  File "/opt/homebrew/Caskroom/google-cloud-sdk/515.0.0/google-cloud-sdk/lib/surface/compute/project_info/describe.py", line 37, in Run
    return client.MakeRequests([(client.apitools_client.projects, 'Get',
           ^^^^^^^^^^^^^^^^^^^^^^^^^^^^^^^^^^^^^^^^^^^^^^^^^^^^^^^^^^^^^
  File "/opt/homebrew/Caskroom/google-cloud-sdk/515.0.0/google-cloud-sdk/lib/googlecloudsdk/api_lib/compute/client_adapter.py", line 145, in MakeRequests
    utils.RaiseToolException(
  File "/opt/homebrew/Caskroom/google-cloud-sdk/515.0.0/google-cloud-sdk/lib/googlecloudsdk/api_lib/compute/utils.py", line 139, in RaiseToolException
    RaiseException(problems, calliope_exceptions.ToolException, error_message)
  File "/opt/homebrew/Caskroom/google-cloud-sdk/515.0.0/google-cloud-sdk/lib/googlecloudsdk/api_lib/compute/utils.py", line 148, in RaiseException
    raise exception(
googlecloudsdk.calliope.exceptions.ToolException: Could not fetch resource:
 - Required 'compute.projects.get' permission for 'projects/mywebproject-420221'

2025-03-23 03:15:11,362 ERROR    root            (gcloud.compute.project-info.describe) Could not fetch resource:
 - Required 'compute.projects.get' permission for 'projects/mywebproject-420221'

2025-03-23 03:15:11,362 INFO     root            [compute project-info describe --quiet] has failed

2025-03-23 03:15:11,362 INFO     ___FILE_ONLY___ Not setting default zone/region (this feature makes it easier to use
[gcloud compute] by setting an appropriate default value for the
--zone and --region flag).
See https://cloud.google.com/compute/docs/gcloud-compute section on how to set
default compute region and zone manually. If you would like [gcloud init] to be
able to do this for you the next time you run it, make sure the
Compute Engine API is enabled for your project on the
https://console.developers.google.com/apis page.


2025-03-23 03:15:11,363 DEBUG    root            Executing command: ['/opt/homebrew/share/google-cloud-sdk/bin/gsutil', 'config', '-n', '-o', '/Users/weitingchen/.boto']
2025-03-23 03:15:13,121 DEBUG    ___FILE_ONLY___ 
2025-03-23 03:15:13,122 DEBUG    ___FILE_ONLY___ This command will create a boto config file at
/Users/weitingchen/.boto containing your credentials, based on your
responses to the following questions.

Boto config file "/Users/weitingchen/.boto" created. If you need to
use a proxy to access the Internet please see the instructions in that
file.

2025-03-23 03:15:13,122 INFO     ___FILE_ONLY___ Created a default .boto configuration file at [/Users/weitingchen/.boto]. See this file and
[https://cloud.google.com/storage/docs/gsutil/commands/config] for more
information about configuring Google Cloud Storage.

2025-03-23 03:15:13,122 INFO     ___FILE_ONLY___ The Google Cloud CLI is configured and ready to use!


2025-03-23 03:15:13,122 INFO     ___FILE_ONLY___ * Commands that require authentication will use weitingchen0502@gmail.com by default

2025-03-23 03:15:13,122 INFO     ___FILE_ONLY___ * Commands will reference project `mywebproject-420221` by default

2025-03-23 03:15:13,122 INFO     ___FILE_ONLY___ Run `gcloud help config` to learn how to change individual settings


2025-03-23 03:15:13,122 INFO     ___FILE_ONLY___ This gcloud configuration is called [default]. You can create additional configurations if you work with multiple accounts and/or projects.

2025-03-23 03:15:13,122 INFO     ___FILE_ONLY___ Run `gcloud topic configurations` to learn more.


2025-03-23 03:15:13,122 INFO     ___FILE_ONLY___ Some things to try next:


2025-03-23 03:15:13,122 INFO     ___FILE_ONLY___ * Run `gcloud --help` to see the Cloud Platform services you can interact with. And run `gcloud help COMMAND` to get help on any gcloud command.

2025-03-23 03:15:13,122 INFO     ___FILE_ONLY___ * Run `gcloud topic --help` to learn about advanced features of the CLI like arg files and output formatting

2025-03-23 03:15:13,122 INFO     ___FILE_ONLY___ * Run `gcloud cheat-sheet` to see a roster of go-to `gcloud` commands.

2025-03-23 03:15:13,122 DEBUG    root            Chosen display Format:default
2025-03-23 03:15:13,123 INFO     root            Display format: "default"
