2025-03-23 03:21:07,398 DEBUG    root            Loaded Command Group: ['gcloud', 'init']
2025-03-23 03:21:07,399 DEBUG    root            Running [gcloud.init] with arguments: []
2025-03-23 03:21:07,399 INFO     ___FILE_ONLY___ Welcome! This command will take you through the configuration of gcloud.


2025-03-23 03:21:07,399 INFO     ___FILE_ONLY___ Settings from your current configuration [default] are:

2025-03-23 03:21:07,401 INFO     ___FILE_ONLY___ core:
  account: weitingchen0502@gmail.com
  disable_usage_reporting: 'True'
  project: mywebproject-420221

2025-03-23 03:21:07,401 INFO     ___FILE_ONLY___ 

2025-03-23 03:21:10,240 INFO     ___FILE_ONLY___ Your current configuration has been set to: [default]


2025-03-23 03:21:10,240 INFO     ___FILE_ONLY___ You can skip diagnostics next time by using the following flag:

2025-03-23 03:21:10,240 INFO     ___FILE_ONLY___   gcloud init --skip-diagnostics


2025-03-23 03:21:10,241 INFO     ___FILE_ONLY___ Network diagnostic detects and fixes local network connection issues.

2025-03-23 03:21:10,241 INFO     ___FILE_ONLY___ Checking network connection...
2025-03-23 03:21:11,638 DEBUG    urllib3.connectionpool Starting new HTTPS connection (1): accounts.google.com:443
2025-03-23 03:21:11,703 DEBUG    urllib3.connectionpool https://accounts.google.com:443 "GET / HTTP/11" 302 365
2025-03-23 03:21:11,731 DEBUG    urllib3.connectionpool https://accounts.google.com:443 "GET /ServiceLogin?passive=1209600&continue=https%3A%2F%2Faccounts.google.com%2F&followup=https%3A%2F%2Faccounts.google.com%2F HTTP/11" 302 0
2025-03-23 03:21:11,774 DEBUG    urllib3.connectionpool https://accounts.google.com:443 "GET /InteractiveLogin?continue=https://accounts.google.com/&followup=https://accounts.google.com/&passive=1209600&ifkv=AXH0vVvJ6R5LljUJNzMpYB3u53tr6Ylq58x_RPVGoUp-6zxjE3jwYeegvPxKJMSNXSxHE9_FpPHrbQ HTTP/11" 302 554
2025-03-23 03:21:11,850 DEBUG    urllib3.connectionpool https://accounts.google.com:443 "GET /v3/signin/identifier?continue=https%3A%2F%2Faccounts.google.com%2F&followup=https%3A%2F%2Faccounts.google.com%2F&ifkv=AXH0vVuuRtEAPTyu-qKA8O6GpzVr_01nfvxviGn8EPBN1xEQRHzUPHDxkxKpk74MyYzOuoR8Rxhviw&passive=1209600&flowName=WebLiteSignIn&flowEntry=ServiceLogin&dsh=S-418742065%3A1742696471807349 HTTP/11" 200 None
2025-03-23 03:21:11,915 DEBUG    urllib3.connectionpool Starting new HTTPS connection (1): cloudresourcemanager.googleapis.com:443
2025-03-23 03:21:12,575 DEBUG    urllib3.connectionpool https://cloudresourcemanager.googleapis.com:443 "GET /v1beta1/projects HTTP/11" 401 None
2025-03-23 03:21:12,581 DEBUG    urllib3.connectionpool Starting new HTTPS connection (1): www.googleapis.com:443
2025-03-23 03:21:12,633 DEBUG    urllib3.connectionpool https://www.googleapis.com:443 "GET /auth/cloud-platform HTTP/11" 200 14
2025-03-23 03:21:12,640 DEBUG    urllib3.connectionpool Starting new HTTPS connection (1): dl.google.com:443
2025-03-23 03:21:12,717 DEBUG    urllib3.connectionpool https://dl.google.com:443 "GET /dl/cloudsdk/channels/rapid/components-2.json HTTP/11" 200 226134
2025-03-23 03:21:12,890 INFO     ___FILE_ONLY___ Reachability Check passed.

2025-03-23 03:21:12,891 INFO     ___FILE_ONLY___ Network diagnostic passed (1/1 checks passed).


2025-03-23 03:21:14,373 DEBUG    root            Loaded Command Group: ['gcloud', 'auth']
2025-03-23 03:21:14,376 DEBUG    root            Loaded Command Group: ['gcloud', 'auth', 'login']
2025-03-23 03:21:14,377 INFO     root            Executing: [gcloud auth login --force --brief]
2025-03-23 03:21:14,378 DEBUG    root            Running [gcloud.auth.login] with arguments: [--brief: "True", --force: "True"]
2025-03-23 03:21:14,404 DEBUG    requests_oauthlib.oauth2_session Generated new state k6RC7B4w7YPQ5qTHep89Od6WzcWrq7.
2025-03-23 03:21:14,494 INFO     ___FILE_ONLY___ Your browser has been opened to visit:

    https://accounts.google.com/o/oauth2/auth?response_type=code&client_id=32555940559.apps.googleusercontent.com&redirect_uri=http%3A%2F%2Flocalhost%3A8085%2F&scope=openid+https%3A%2F%2Fwww.googleapis.com%2Fauth%2Fuserinfo.email+https%3A%2F%2Fwww.googleapis.com%2Fauth%2Fcloud-platform+https%3A%2F%2Fwww.googleapis.com%2Fauth%2Fappengine.admin+https%3A%2F%2Fwww.googleapis.com%2Fauth%2Fsqlservice.login+https%3A%2F%2Fwww.googleapis.com%2Fauth%2Fcompute+https%3A%2F%2Fwww.googleapis.com%2Fauth%2Faccounts.reauth&state=k6RC7B4w7YPQ5qTHep89Od6WzcWrq7&access_type=offline&code_challenge=-kIcJXGsHRXb8fxhjHl85CkTV5ZbZdItXMn4jT9GguE&code_challenge_method=S256


2025-03-23 03:21:19,416 INFO     google_auth_oauthlib.flow "GET /?state=k6RC7B4w7YPQ5qTHep89Od6WzcWrq7&code=4/0AQSTgQEYRsAyjbPnYQk2eezRy_abRX6ggTLWsFtLwbaqIRVo2KNiA57rr-bMKJuP3DR2Gg&scope=email%20openid%20https://www.googleapis.com/auth/userinfo.email%20https://www.googleapis.com/auth/cloud-platform%20https://www.googleapis.com/auth/appengine.admin%20https://www.googleapis.com/auth/sqlservice.login%20https://www.googleapis.com/auth/compute%20https://www.googleapis.com/auth/accounts.reauth&authuser=0&prompt=consent HTTP/1.1" 200 937
2025-03-23 03:21:19,417 DEBUG    requests_oauthlib.oauth2_session Requesting url https://oauth2.googleapis.com/token using method POST.
2025-03-23 03:21:19,417 DEBUG    requests_oauthlib.oauth2_session Supplying headers {b'Accept': b'application/json', b'Content-Type': b'application/x-www-form-urlencoded;charset=UTF-8', b'user-agent': b'google-cloud-sdk gcloud/515.0.0 command/gcloud.auth.login invocation-id/e829dad5336a40cc9c68e163bb79baf3 environment/None environment-version/None client-os/MACOSX client-os-ver/23.6.0 client-pltf-arch/arm interactive/True from-script/False python/3.11.11 term/screen-256color (Macintosh; Intel Mac OS X 23.6.0)'} and data {'grant_type': 'authorization_code', 'client_id': '32555940559.apps.googleusercontent.com', 'client_secret': 'ZmssLNjJy2998hD4CTg2ejr2', 'code': '4/0AQSTgQEYRsAyjbPnYQk2eezRy_abRX6ggTLWsFtLwbaqIRVo2KNiA57rr-bMKJuP3DR2Gg', 'redirect_uri': 'http://localhost:8085/', 'code_verifier': 'FCJWjZFD9j6DjZ1GAJJT8SDiP5VCuutr8co8iE3BQSZp55pve2HWqFuC159BD7XJ_U4xfW~wvCERi287J91Tg-ao6wc8vLIwV-KPlTD4lzG2DWQkU5Z5yuiwcU0bg-me'}
2025-03-23 03:21:19,417 DEBUG    requests_oauthlib.oauth2_session Passing through key word arguments {'json': None, 'timeout': None, 'auth': None, 'verify': None, 'proxies': None}.
2025-03-23 03:21:19,418 DEBUG    urllib3.connectionpool Starting new HTTPS connection (1): oauth2.googleapis.com:443
2025-03-23 03:21:19,585 DEBUG    urllib3.connectionpool https://oauth2.googleapis.com:443 "POST /token HTTP/11" 200 None
2025-03-23 03:21:19,586 DEBUG    requests_oauthlib.oauth2_session Prepared fetch token request body grant_type=authorization_code&client_id=32555940559.apps.googleusercontent.com&client_secret=ZmssLNjJy2998hD4CTg2ejr2&code=4%2F0AQSTgQEYRsAyjbPnYQk2eezRy_abRX6ggTLWsFtLwbaqIRVo2KNiA57rr-bMKJuP3DR2Gg&redirect_uri=http%3A%2F%2Flocalhost%3A8085%2F&code_verifier=FCJWjZFD9j6DjZ1GAJJT8SDiP5VCuutr8co8iE3BQSZp55pve2HWqFuC159BD7XJ_U4xfW~wvCERi287J91Tg-ao6wc8vLIwV-KPlTD4lzG2DWQkU5Z5yuiwcU0bg-me
2025-03-23 03:21:19,586 DEBUG    requests_oauthlib.oauth2_session Request to fetch token completed with status 200.
2025-03-23 03:21:19,586 DEBUG    requests_oauthlib.oauth2_session Request headers were {'user-agent': b'google-cloud-sdk gcloud/515.0.0 command/gcloud.auth.login invocation-id/e829dad5336a40cc9c68e163bb79baf3 environment/None environment-version/None client-os/MACOSX client-os-ver/23.6.0 client-pltf-arch/arm interactive/True from-script/False python/3.11.11 term/screen-256color (Macintosh; Intel Mac OS X 23.6.0)', 'Accept-Encoding': 'gzip, deflate', 'Accept': b'application/json', 'Connection': 'keep-alive', 'Content-Type': b'application/x-www-form-urlencoded;charset=UTF-8', 'Content-Length': '387'}
2025-03-23 03:21:19,587 DEBUG    requests_oauthlib.oauth2_session Request body was grant_type=authorization_code&client_id=32555940559.apps.googleusercontent.com&client_secret=ZmssLNjJy2998hD4CTg2ejr2&code=4%2F0AQSTgQEYRsAyjbPnYQk2eezRy_abRX6ggTLWsFtLwbaqIRVo2KNiA57rr-bMKJuP3DR2Gg&redirect_uri=http%3A%2F%2Flocalhost%3A8085%2F&code_verifier=FCJWjZFD9j6DjZ1GAJJT8SDiP5VCuutr8co8iE3BQSZp55pve2HWqFuC159BD7XJ_U4xfW~wvCERi287J91Tg-ao6wc8vLIwV-KPlTD4lzG2DWQkU5Z5yuiwcU0bg-me
2025-03-23 03:21:19,587 DEBUG    requests_oauthlib.oauth2_session Response headers were {'Date': 'Sun, 23 Mar 2025 02:21:19 GMT', 'Expires': 'Mon, 01 Jan 1990 00:00:00 GMT', 'Cache-Control': 'no-cache, no-store, max-age=0, must-revalidate', 'Pragma': 'no-cache', 'Content-Type': 'application/json; charset=utf-8', 'Vary': 'Origin, X-Origin, Referer', 'Content-Encoding': 'gzip', 'Server': 'scaffolding on HTTPServer2', 'X-XSS-Protection': '0', 'X-Frame-Options': 'SAMEORIGIN', 'X-Content-Type-Options': 'nosniff', 'Alt-Svc': 'h3=":443"; ma=2592000,h3-29=":443"; ma=2592000', 'Transfer-Encoding': 'chunked'} and content {
  "access_token": "ya29.a0AeXRPp7LdrZ7S6KPBqBIYH4ccU1L_t87akMyheOYNNBKvbFNLhmEBcmFQFmUZnVaG-d3SqWxpbWzmS-NZjylAL-mw8cpzM3xihkOVaIr4_g0NY1nE2YC1-qd3PQWdxoafLN5N8-pcxElynvUPmlKJm4eHrl12wwU_uvPrgNuKKoDSgaCgYKAc0SARASFQHGX2MiBxeeWue581FI5-5HFVaSDA0181",
  "expires_in": 3599,
  "refresh_token": "1//09kl3DGHbghlyCgYIARAAGAkSNwF-L9Ir700IujgIqr7JsZ1CbaC55zDXRL7P0xXdhze1vkcjuNsVYT1wiWvQO7kwxhF1AEVy3x4",
  "scope": "https://www.googleapis.com/auth/accounts.reauth https://www.googleapis.com/auth/cloud-platform https://www.googleapis.com/auth/compute https://www.googleapis.com/auth/sqlservice.login https://www.googleapis.com/auth/appengine.admin https://www.googleapis.com/auth/userinfo.email openid",
  "token_type": "Bearer",
  "id_token": "eyJhbGciOiJSUzI1NiIsImtpZCI6ImVlMTkzZDQ2NDdhYjRhMzU4NWFhOWIyYjNiNDg0YTg3YWE2OGJiNDIiLCJ0eXAiOiJKV1QifQ.eyJpc3MiOiJodHRwczovL2FjY291bnRzLmdvb2dsZS5jb20iLCJhenAiOiIzMjU1NTk0MDU1OS5hcHBzLmdvb2dsZXVzZXJjb250ZW50LmNvbSIsImF1ZCI6IjMyNTU1OTQwNTU5LmFwcHMuZ29vZ2xldXNlcmNvbnRlbnQuY29tIiwic3ViIjoiMTE0NDU3NTQxNzcyMjgyOTgzMTk4IiwiZW1haWwiOiJ3YWl0aW5nMDUwMkBnbWFpbC5jb20iLCJlbWFpbF92ZXJpZmllZCI6dHJ1ZSwiYXRfaGFzaCI6IjMzYU9VRTZPVHBPR1NDS2psRlN3NUEiLCJpYXQiOjE3NDI2OTY0NzksImV4cCI6MTc0MjcwMDA3OX0.o_R4tQFddiJCJMrxkPhGVxAYvxQIdY9E8Lu-1YIX-MD4VtV8zDfHv1L-K6SWmNfIRjr-Aj2VvnR0PoEqHsJS9OeJ-PBiwl7R7E6HDTx0yJIAoJN77UawpDBSXXuSKsM1OUppCbK9kUOfBHhOPwptPO7QcXdXpjod8L06S4NXV7-9YI3HkisNuMb2gXHffi_9iFNfqFFmuR78wKmZmsIT6kt6CZXA4X4XLn29KsahTjW0B78zBaNHFHENLC47QD6gNjLnP-0i1T6MMkGM8JZdXrhiHCRvKCYYZ7I-ChfArhouvNE6aJJI_R1f9SDLt8TZuWEFzA2sItaY9a3XDwimoA"
}.
2025-03-23 03:21:19,587 DEBUG    requests_oauthlib.oauth2_session Invoking 0 token response hooks.
2025-03-23 03:21:19,587 DEBUG    requests_oauthlib.oauth2_session Obtained token {'access_token': 'ya29.a0AeXRPp7LdrZ7S6KPBqBIYH4ccU1L_t87akMyheOYNNBKvbFNLhmEBcmFQFmUZnVaG-d3SqWxpbWzmS-NZjylAL-mw8cpzM3xihkOVaIr4_g0NY1nE2YC1-qd3PQWdxoafLN5N8-pcxElynvUPmlKJm4eHrl12wwU_uvPrgNuKKoDSgaCgYKAc0SARASFQHGX2MiBxeeWue581FI5-5HFVaSDA0181', 'expires_in': 3599, 'refresh_token': '1//09kl3DGHbghlyCgYIARAAGAkSNwF-L9Ir700IujgIqr7JsZ1CbaC55zDXRL7P0xXdhze1vkcjuNsVYT1wiWvQO7kwxhF1AEVy3x4', 'scope': ['https://www.googleapis.com/auth/accounts.reauth', 'https://www.googleapis.com/auth/cloud-platform', 'https://www.googleapis.com/auth/compute', 'https://www.googleapis.com/auth/sqlservice.login', 'https://www.googleapis.com/auth/appengine.admin', 'https://www.googleapis.com/auth/userinfo.email', 'openid'], 'token_type': 'Bearer', 'id_token': 'eyJhbGciOiJSUzI1NiIsImtpZCI6ImVlMTkzZDQ2NDdhYjRhMzU4NWFhOWIyYjNiNDg0YTg3YWE2OGJiNDIiLCJ0eXAiOiJKV1QifQ.eyJpc3MiOiJodHRwczovL2FjY291bnRzLmdvb2dsZS5jb20iLCJhenAiOiIzMjU1NTk0MDU1OS5hcHBzLmdvb2dsZXVzZXJjb250ZW50LmNvbSIsImF1ZCI6IjMyNTU1OTQwNTU5LmFwcHMuZ29vZ2xldXNlcmNvbnRlbnQuY29tIiwic3ViIjoiMTE0NDU3NTQxNzcyMjgyOTgzMTk4IiwiZW1haWwiOiJ3YWl0aW5nMDUwMkBnbWFpbC5jb20iLCJlbWFpbF92ZXJpZmllZCI6dHJ1ZSwiYXRfaGFzaCI6IjMzYU9VRTZPVHBPR1NDS2psRlN3NUEiLCJpYXQiOjE3NDI2OTY0NzksImV4cCI6MTc0MjcwMDA3OX0.o_R4tQFddiJCJMrxkPhGVxAYvxQIdY9E8Lu-1YIX-MD4VtV8zDfHv1L-K6SWmNfIRjr-Aj2VvnR0PoEqHsJS9OeJ-PBiwl7R7E6HDTx0yJIAoJN77UawpDBSXXuSKsM1OUppCbK9kUOfBHhOPwptPO7QcXdXpjod8L06S4NXV7-9YI3HkisNuMb2gXHffi_9iFNfqFFmuR78wKmZmsIT6kt6CZXA4X4XLn29KsahTjW0B78zBaNHFHENLC47QD6gNjLnP-0i1T6MMkGM8JZdXrhiHCRvKCYYZ7I-ChfArhouvNE6aJJI_R1f9SDLt8TZuWEFzA2sItaY9a3XDwimoA', 'expires_at': 1742700078.5874538}.
2025-03-23 03:21:19,602 DEBUG    root            Chosen display Format:none
2025-03-23 03:21:19,603 INFO     root            Display format: "none"
2025-03-23 03:21:19,623 INFO     ___FILE_ONLY___ You are signed in as: [waiting0502@gmail.com].


2025-03-23 03:21:19,635 DEBUG    urllib3.connectionpool Starting new HTTPS connection (1): cloudresourcemanager.googleapis.com:443
2025-03-23 03:21:20,386 DEBUG    urllib3.connectionpool https://cloudresourcemanager.googleapis.com:443 "GET /v1/projects?alt=json&filter=lifecycleState%3AACTIVE&pageSize=201 HTTP/11" 200 None
2025-03-23 03:21:24,365 INFO     ___FILE_ONLY___ Your current project has been set to: [mywebproject-420221].


2025-03-23 03:21:24,386 DEBUG    root            Loaded Command Group: ['gcloud', 'compute']
2025-03-23 03:21:24,388 DEBUG    root            Loaded Command Group: ['gcloud', 'compute', 'project_info']
2025-03-23 03:21:24,392 DEBUG    root            Loaded Command Group: ['gcloud', 'compute', 'project-info', 'describe']
2025-03-23 03:21:24,393 INFO     root            Executing: [gcloud compute project-info describe --quiet]
2025-03-23 03:21:24,394 DEBUG    root            Running [gcloud.compute.project-info.describe] with arguments: [--no-user-output-enabled: "false", --quiet: "True", --verbosity: "none"]
2025-03-23 03:21:24,459 DEBUG    urllib3.connectionpool Starting new HTTPS connection (1): compute.googleapis.com:443
2025-03-23 03:21:24,733 DEBUG    urllib3.connectionpool https://compute.googleapis.com:443 "GET /compute/v1/projects/mywebproject-420221?alt=json HTTP/11" 200 None
2025-03-23 03:21:24,738 INFO     root            Display disabled.
2025-03-23 03:21:27,721 DEBUG    root            Loaded Command Group: ['gcloud', 'compute', 'zones']
2025-03-23 03:21:27,724 DEBUG    root            Loaded Command Group: ['gcloud', 'compute', 'zones', 'list']
2025-03-23 03:21:27,725 INFO     root            Executing: [gcloud compute zones list]
2025-03-23 03:21:27,727 DEBUG    root            Running [gcloud.compute.zones.list] with arguments: [--no-user-output-enabled: "false", --verbosity: "none"]
2025-03-23 03:21:27,739 INFO     root            Display disabled.
2025-03-23 03:21:27,741 DEBUG    urllib3.connectionpool Starting new HTTPS connection (1): compute.googleapis.com:443
2025-03-23 03:21:28,145 DEBUG    urllib3.connectionpool https://compute.googleapis.com:443 "GET /compute/v1/projects/mywebproject-420221/zones?alt=json&maxResults=500 HTTP/11" 200 None
2025-03-23 03:23:57,338 INFO     ___FILE_ONLY___ Your project default Compute Engine zone has been set to [europe-west4-a].
You can change it by running [gcloud config set compute/zone NAME].


2025-03-23 03:23:57,341 DEBUG    root            Loaded Command Group: ['gcloud', 'compute', 'regions']
2025-03-23 03:23:57,347 DEBUG    root            Loaded Command Group: ['gcloud', 'compute', 'regions', 'describe']
2025-03-23 03:23:57,348 INFO     root            Executing: [gcloud compute regions describe https://www.googleapis.com/compute/v1/projects/mywebproject-420221/regions/europe-west4]
2025-03-23 03:23:57,349 DEBUG    root            Running [gcloud.compute.regions.describe] with arguments: [--no-user-output-enabled: "false", --verbosity: "none", NAME: "https://www.googleapis.com/compute/v1/projects/mywebproject-420221/regions/europe-west4"]
2025-03-23 03:23:57,356 DEBUG    urllib3.connectionpool Starting new HTTPS connection (1): compute.googleapis.com:443
2025-03-23 03:23:57,803 DEBUG    urllib3.connectionpool https://compute.googleapis.com:443 "GET /compute/v1/projects/mywebproject-420221/regions/europe-west4?alt=json HTTP/11" 200 None
2025-03-23 03:23:57,814 INFO     root            Display disabled.
2025-03-23 03:23:57,820 INFO     ___FILE_ONLY___ Your project default Compute Engine region has been set to [europe-west4].
You can change it by running [gcloud config set compute/region NAME].


2025-03-23 03:23:57,821 DEBUG    root            Not configuring default .boto file. File already exists at [/Users/weitingchen/.boto].
2025-03-23 03:23:57,821 INFO     ___FILE_ONLY___ The Google Cloud CLI is configured and ready to use!


2025-03-23 03:23:57,821 INFO     ___FILE_ONLY___ * Commands that require authentication will use waiting0502@gmail.com by default

2025-03-23 03:23:57,821 INFO     ___FILE_ONLY___ * Commands will reference project `mywebproject-420221` by default

2025-03-23 03:23:57,821 INFO     ___FILE_ONLY___ * Compute Engine commands will use region `europe-west4` by default

2025-03-23 03:23:57,821 INFO     ___FILE_ONLY___ * Compute Engine commands will use zone `europe-west4-a` by default


2025-03-23 03:23:57,821 INFO     ___FILE_ONLY___ Run `gcloud help config` to learn how to change individual settings


2025-03-23 03:23:57,821 INFO     ___FILE_ONLY___ This gcloud configuration is called [default]. You can create additional configurations if you work with multiple accounts and/or projects.

2025-03-23 03:23:57,821 INFO     ___FILE_ONLY___ Run `gcloud topic configurations` to learn more.


2025-03-23 03:23:57,821 INFO     ___FILE_ONLY___ Some things to try next:


2025-03-23 03:23:57,821 INFO     ___FILE_ONLY___ * Run `gcloud --help` to see the Cloud Platform services you can interact with. And run `gcloud help COMMAND` to get help on any gcloud command.

2025-03-23 03:23:57,821 INFO     ___FILE_ONLY___ * Run `gcloud topic --help` to learn about advanced features of the CLI like arg files and output formatting

2025-03-23 03:23:57,821 INFO     ___FILE_ONLY___ * Run `gcloud cheat-sheet` to see a roster of go-to `gcloud` commands.

2025-03-23 03:23:57,821 DEBUG    root            Chosen display Format:default
2025-03-23 03:23:57,822 INFO     root            Display format: "default"
