2025-03-23 03:24:14,407 DEBUG    root            Loaded Command Group: ['gcloud', 'run']
2025-03-23 03:24:14,464 DEBUG    root            Loaded Command Group: ['gcloud', 'run', 'deploy']
2025-03-23 03:24:14,469 DEBUG    root            Running [gcloud.run.deploy] with arguments: [--allow-unauthenticated: "True", --image: "europe-docker.pkg.dev/mywebproject-420221/mywebsite/myserver:lastest", --max-instances: "<googlecloudsdk.command_lib.run.flags.ScaleValue object at 0x103aeac50>", --region: "europe-west1", SERVICE: "myweb"]
2025-03-23 03:24:14,478 DEBUG    urllib3.connectionpool Starting new HTTPS connection (1): serviceusage.googleapis.com:443
2025-03-23 03:24:15,446 DEBUG    urllib3.connectionpool https://serviceusage.googleapis.com:443 "GET /v1/projects/mywebproject-420221/services/run.googleapis.com?alt=json HTTP/11" 200 None
2025-03-23 03:24:15,494 DEBUG    urllib3.connectionpool Starting new HTTPS connection (1): europe-west1-run.googleapis.com:443
2025-03-23 03:24:15,688 DEBUG    urllib3.connectionpool https://europe-west1-run.googleapis.com:443 "GET /apis/serving.knative.dev/v1/namespaces/mywebproject-420221/services/myweb?alt=json HTTP/11" 200 None
2025-03-23 03:24:15,694 INFO     ___FILE_ONLY___ Deploying container to Cloud Run service [[1mmyweb[m] in project [[1mmywebproject-420221[m] region [[1meurope-west1[m]

2025-03-23 03:24:15,695 INFO     ___FILE_ONLY___ Deploying...
2025-03-23 03:24:16,119 DEBUG    urllib3.connectionpool https://europe-west1-run.googleapis.com:443 "PUT /apis/serving.knative.dev/v1/namespaces/mywebproject-420221/services/myweb?alt=json HTTP/11" 200 None
2025-03-23 03:24:16,129 DEBUG    urllib3.connectionpool Starting new HTTPS connection (1): run.googleapis.com:443
2025-03-23 03:24:16,571 DEBUG    urllib3.connectionpool https://run.googleapis.com:443 "GET /v1/projects/mywebproject-420221/locations/europe-west1/services/myweb:getIamPolicy?alt=json HTTP/11" 200 None
2025-03-23 03:24:17,227 DEBUG    urllib3.connectionpool https://run.googleapis.com:443 "POST /v1/projects/mywebproject-420221/locations/europe-west1/services/myweb:setIamPolicy?alt=json HTTP/11" 200 None
2025-03-23 03:24:25,822 DEBUG    urllib3.connectionpool https://europe-west1-run.googleapis.com:443 "POST /v1/projects/mywebproject-420221/locations/europe-west1/operations/2de86eae-56ab-40e5-a857-020d9c8c58b3:wait?alt=json HTTP/11" 200 None
2025-03-23 03:24:25,899 DEBUG    urllib3.connectionpool https://europe-west1-run.googleapis.com:443 "POST /v1/projects/mywebproject-420221/locations/europe-west1/operations/2de86eae-56ab-40e5-a857-020d9c8c58b3:wait?alt=json HTTP/11" 200 None
2025-03-23 03:24:26,048 DEBUG    urllib3.connectionpool https://europe-west1-run.googleapis.com:443 "POST /v1/projects/mywebproject-420221/locations/europe-west1/operations/2de86eae-56ab-40e5-a857-020d9c8c58b3:wait?alt=json HTTP/11" 200 None
2025-03-23 03:24:26,090 INFO     ___FILE_ONLY___ Service [[1mmyweb[m] revision [[1mmyweb-00023-4nj[m] has been deployed and is serving [1m100[m percent of traffic.
Service URL: [1mhttps://myweb-211609611635.europe-west1.run.app[m

2025-03-23 03:24:26,091 DEBUG    root            Chosen display Format:none
2025-03-23 03:24:26,092 INFO     root            Display format: "none"
