2025-03-23 03:32:23,313 DEBUG    root            Loaded Command Group: ['gcloud', 'auth']
2025-03-23 03:32:23,319 DEBUG    root            Loaded Command Group: ['gcloud', 'auth', 'login']
2025-03-23 03:32:23,320 DEBUG    root            Running [gcloud.auth.login] with arguments: []
2025-03-23 03:32:23,334 DEBUG    requests_oauthlib.oauth2_session Generated new state VxTJb9Ij9uNlPiShNRE3ECjLfjKgxg.
2025-03-23 03:32:23,415 INFO     ___FILE_ONLY___ Your browser has been opened to visit:

    https://accounts.google.com/o/oauth2/auth?response_type=code&client_id=32555940559.apps.googleusercontent.com&redirect_uri=http%3A%2F%2Flocalhost%3A8085%2F&scope=openid+https%3A%2F%2Fwww.googleapis.com%2Fauth%2Fuserinfo.email+https%3A%2F%2Fwww.googleapis.com%2Fauth%2Fcloud-platform+https%3A%2F%2Fwww.googleapis.com%2Fauth%2Fappengine.admin+https%3A%2F%2Fwww.googleapis.com%2Fauth%2Fsqlservice.login+https%3A%2F%2Fwww.googleapis.com%2Fauth%2Fcompute+https%3A%2F%2Fwww.googleapis.com%2Fauth%2Faccounts.reauth&state=VxTJb9Ij9uNlPiShNRE3ECjLfjKgxg&access_type=offline&code_challenge=Ipuckg_yctOo_o-dYi1RHU2TdoEah4lnKV_w85XVVtE&code_challenge_method=S256


2025-03-23 03:32:30,388 INFO     google_auth_oauthlib.flow "GET /?state=VxTJb9Ij9uNlPiShNRE3ECjLfjKgxg&code=4/0AQSTgQETn8wsgAoHyYanuK1PGOgGHQuz7OuFMIP_NLpQYVarmoWJ-CLIpS7ZX6aXwaO9Jg&scope=email%20openid%20https://www.googleapis.com/auth/userinfo.email%20https://www.googleapis.com/auth/cloud-platform%20https://www.googleapis.com/auth/appengine.admin%20https://www.googleapis.com/auth/sqlservice.login%20https://www.googleapis.com/auth/compute%20https://www.googleapis.com/auth/accounts.reauth&authuser=0&prompt=consent HTTP/1.1" 200 937
2025-03-23 03:32:30,388 DEBUG    requests_oauthlib.oauth2_session Requesting url https://oauth2.googleapis.com/token using method POST.
2025-03-23 03:32:30,389 DEBUG    requests_oauthlib.oauth2_session Supplying headers {b'Accept': b'application/json', b'Content-Type': b'application/x-www-form-urlencoded;charset=UTF-8', b'user-agent': b'google-cloud-sdk gcloud/515.0.0 command/gcloud.auth.login invocation-id/dd0fb70488164b49a21b9c17dbe2a57d environment/None environment-version/None client-os/MACOSX client-os-ver/23.6.0 client-pltf-arch/arm interactive/True from-script/True python/3.11.11 term/screen-256color (Macintosh; Intel Mac OS X 23.6.0)'} and data {'grant_type': 'authorization_code', 'client_id': '32555940559.apps.googleusercontent.com', 'client_secret': 'ZmssLNjJy2998hD4CTg2ejr2', 'code': '4/0AQSTgQETn8wsgAoHyYanuK1PGOgGHQuz7OuFMIP_NLpQYVarmoWJ-CLIpS7ZX6aXwaO9Jg', 'redirect_uri': 'http://localhost:8085/', 'code_verifier': 'cadaSbIIOT6taa_Y43EDah~UC5-hy84G8._ki65AtAhhPfrWrE8xogPkEnE9oU61rEdBrFKfotmxAUX7fEcE0Ehg0f1jMxkElMzBLpznXsFAdUThfq.rZZCajAbVFKRA'}
2025-03-23 03:32:30,389 DEBUG    requests_oauthlib.oauth2_session Passing through key word arguments {'json': None, 'timeout': None, 'auth': None, 'verify': None, 'proxies': None}.
2025-03-23 03:32:30,394 DEBUG    urllib3.connectionpool Starting new HTTPS connection (1): oauth2.googleapis.com:443
2025-03-23 03:32:30,576 DEBUG    urllib3.connectionpool https://oauth2.googleapis.com:443 "POST /token HTTP/11" 200 None
2025-03-23 03:32:30,577 DEBUG    requests_oauthlib.oauth2_session Prepared fetch token request body grant_type=authorization_code&client_id=32555940559.apps.googleusercontent.com&client_secret=ZmssLNjJy2998hD4CTg2ejr2&code=4%2F0AQSTgQETn8wsgAoHyYanuK1PGOgGHQuz7OuFMIP_NLpQYVarmoWJ-CLIpS7ZX6aXwaO9Jg&redirect_uri=http%3A%2F%2Flocalhost%3A8085%2F&code_verifier=cadaSbIIOT6taa_Y43EDah~UC5-hy84G8._ki65AtAhhPfrWrE8xogPkEnE9oU61rEdBrFKfotmxAUX7fEcE0Ehg0f1jMxkElMzBLpznXsFAdUThfq.rZZCajAbVFKRA
2025-03-23 03:32:30,577 DEBUG    requests_oauthlib.oauth2_session Request to fetch token completed with status 200.
2025-03-23 03:32:30,578 DEBUG    requests_oauthlib.oauth2_session Request headers were {'user-agent': b'google-cloud-sdk gcloud/515.0.0 command/gcloud.auth.login invocation-id/dd0fb70488164b49a21b9c17dbe2a57d environment/None environment-version/None client-os/MACOSX client-os-ver/23.6.0 client-pltf-arch/arm interactive/True from-script/True python/3.11.11 term/screen-256color (Macintosh; Intel Mac OS X 23.6.0)', 'Accept-Encoding': 'gzip, deflate', 'Accept': b'application/json', 'Connection': 'keep-alive', 'Content-Type': b'application/x-www-form-urlencoded;charset=UTF-8', 'Content-Length': '387'}
2025-03-23 03:32:30,578 DEBUG    requests_oauthlib.oauth2_session Request body was grant_type=authorization_code&client_id=32555940559.apps.googleusercontent.com&client_secret=ZmssLNjJy2998hD4CTg2ejr2&code=4%2F0AQSTgQETn8wsgAoHyYanuK1PGOgGHQuz7OuFMIP_NLpQYVarmoWJ-CLIpS7ZX6aXwaO9Jg&redirect_uri=http%3A%2F%2Flocalhost%3A8085%2F&code_verifier=cadaSbIIOT6taa_Y43EDah~UC5-hy84G8._ki65AtAhhPfrWrE8xogPkEnE9oU61rEdBrFKfotmxAUX7fEcE0Ehg0f1jMxkElMzBLpznXsFAdUThfq.rZZCajAbVFKRA
2025-03-23 03:32:30,578 DEBUG    requests_oauthlib.oauth2_session Response headers were {'Cache-Control': 'no-cache, no-store, max-age=0, must-revalidate', 'Pragma': 'no-cache', 'Date': 'Sun, 23 Mar 2025 02:32:30 GMT', 'Expires': 'Mon, 01 Jan 1990 00:00:00 GMT', 'Content-Type': 'application/json; charset=utf-8', 'Vary': 'Origin, X-Origin, Referer', 'Content-Encoding': 'gzip', 'Server': 'scaffolding on HTTPServer2', 'X-XSS-Protection': '0', 'X-Frame-Options': 'SAMEORIGIN', 'X-Content-Type-Options': 'nosniff', 'Alt-Svc': 'h3=":443"; ma=2592000,h3-29=":443"; ma=2592000', 'Transfer-Encoding': 'chunked'} and content {
  "access_token": "ya29.a0AeXRPp43af-OazUMO0Ou76I7AdDLD7U5PhjkRIkxJyGtBiZTlWpMnOC21BIsNeIchwTW25BRDsiHvJroZTHk9II2i_QgFGSfdKS-n853MT_HRbfQOEpg5A2i_pFZcr6ra_P5NfkC2R8DosSI-DzJsXZRy2MoeUZqkiFKRtXVI_Z5qgaCgYKAecSARASFQHGX2MikWBbUe7bNmP5ZXuE6u2YMA0181",
  "expires_in": 3599,
  "refresh_token": "1//09WerNMBIe30XCgYIARAAGAkSNwF-L9Ir1FRR-uYtaLOFbhx_NZpDBQF6QxPwv2sfg2IbIaWeVlREpe0b72uGHnxPUo2Tun0jAog",
  "scope": "https://www.googleapis.com/auth/appengine.admin https://www.googleapis.com/auth/sqlservice.login https://www.googleapis.com/auth/userinfo.email openid https://www.googleapis.com/auth/accounts.reauth https://www.googleapis.com/auth/compute https://www.googleapis.com/auth/cloud-platform",
  "token_type": "Bearer",
  "id_token": "eyJhbGciOiJSUzI1NiIsImtpZCI6ImVlMTkzZDQ2NDdhYjRhMzU4NWFhOWIyYjNiNDg0YTg3YWE2OGJiNDIiLCJ0eXAiOiJKV1QifQ.eyJpc3MiOiJodHRwczovL2FjY291bnRzLmdvb2dsZS5jb20iLCJhenAiOiIzMjU1NTk0MDU1OS5hcHBzLmdvb2dsZXVzZXJjb250ZW50LmNvbSIsImF1ZCI6IjMyNTU1OTQwNTU5LmFwcHMuZ29vZ2xldXNlcmNvbnRlbnQuY29tIiwic3ViIjoiMTE0NDU3NTQxNzcyMjgyOTgzMTk4IiwiZW1haWwiOiJ3YWl0aW5nMDUwMkBnbWFpbC5jb20iLCJlbWFpbF92ZXJpZmllZCI6dHJ1ZSwiYXRfaGFzaCI6Il9IdzdfZERQOXVqV1pBdWxJU0huS0EiLCJpYXQiOjE3NDI2OTcxNTAsImV4cCI6MTc0MjcwMDc1MH0.N-1r5YEIEB6Vl2PzrDnCDiWK8yW_I9MDOOl25O0FwaLSbsls11Fkv85SCVkm96FVHsLGRfClMQuTI4C2dRG99ceMWTcpGA60kF4IXK-hhv9j3Ctwi54rlVcz6XqBT22HRa0SJMVN9LLwsVgSOJI7jxYmN-EssUWuTqgCmBu63ODTolqe5tbly04Y0BddFdD3tZfrfUHc8-DS73-seHe5b77xWJPTk4LGKQrujSW6SPtyPB3T-IA4lASSCqiwUnpuP_PT9aMuUc6CRW77DL2--Xbm2DlnmCxsw9yWNYSPEugF37EkDCCq2u3VZt3nkz7tIhuGQQ6XvPwDFezv7Mt3Jg"
}.
2025-03-23 03:32:30,578 DEBUG    requests_oauthlib.oauth2_session Invoking 0 token response hooks.
2025-03-23 03:32:30,578 DEBUG    requests_oauthlib.oauth2_session Obtained token {'access_token': 'ya29.a0AeXRPp43af-OazUMO0Ou76I7AdDLD7U5PhjkRIkxJyGtBiZTlWpMnOC21BIsNeIchwTW25BRDsiHvJroZTHk9II2i_QgFGSfdKS-n853MT_HRbfQOEpg5A2i_pFZcr6ra_P5NfkC2R8DosSI-DzJsXZRy2MoeUZqkiFKRtXVI_Z5qgaCgYKAecSARASFQHGX2MikWBbUe7bNmP5ZXuE6u2YMA0181', 'expires_in': 3599, 'refresh_token': '1//09WerNMBIe30XCgYIARAAGAkSNwF-L9Ir1FRR-uYtaLOFbhx_NZpDBQF6QxPwv2sfg2IbIaWeVlREpe0b72uGHnxPUo2Tun0jAog', 'scope': ['https://www.googleapis.com/auth/appengine.admin', 'https://www.googleapis.com/auth/sqlservice.login', 'https://www.googleapis.com/auth/userinfo.email', 'openid', 'https://www.googleapis.com/auth/accounts.reauth', 'https://www.googleapis.com/auth/compute', 'https://www.googleapis.com/auth/cloud-platform'], 'token_type': 'Bearer', 'id_token': 'eyJhbGciOiJSUzI1NiIsImtpZCI6ImVlMTkzZDQ2NDdhYjRhMzU4NWFhOWIyYjNiNDg0YTg3YWE2OGJiNDIiLCJ0eXAiOiJKV1QifQ.eyJpc3MiOiJodHRwczovL2FjY291bnRzLmdvb2dsZS5jb20iLCJhenAiOiIzMjU1NTk0MDU1OS5hcHBzLmdvb2dsZXVzZXJjb250ZW50LmNvbSIsImF1ZCI6IjMyNTU1OTQwNTU5LmFwcHMuZ29vZ2xldXNlcmNvbnRlbnQuY29tIiwic3ViIjoiMTE0NDU3NTQxNzcyMjgyOTgzMTk4IiwiZW1haWwiOiJ3YWl0aW5nMDUwMkBnbWFpbC5jb20iLCJlbWFpbF92ZXJpZmllZCI6dHJ1ZSwiYXRfaGFzaCI6Il9IdzdfZERQOXVqV1pBdWxJU0huS0EiLCJpYXQiOjE3NDI2OTcxNTAsImV4cCI6MTc0MjcwMDc1MH0.N-1r5YEIEB6Vl2PzrDnCDiWK8yW_I9MDOOl25O0FwaLSbsls11Fkv85SCVkm96FVHsLGRfClMQuTI4C2dRG99ceMWTcpGA60kF4IXK-hhv9j3Ctwi54rlVcz6XqBT22HRa0SJMVN9LLwsVgSOJI7jxYmN-EssUWuTqgCmBu63ODTolqe5tbly04Y0BddFdD3tZfrfUHc8-DS73-seHe5b77xWJPTk4LGKQrujSW6SPtyPB3T-IA4lASSCqiwUnpuP_PT9aMuUc6CRW77DL2--Xbm2DlnmCxsw9yWNYSPEugF37EkDCCq2u3VZt3nkz7tIhuGQQ6XvPwDFezv7Mt3Jg', 'expires_at': 1742700749.578746}.
2025-03-23 03:32:30,591 INFO     ___FILE_ONLY___ 
You are now logged in as [waiting0502@gmail.com].
Your current project is [mywebproject-420221].  You can change this setting by running:
  $ gcloud config set project PROJECT_ID

2025-03-23 03:32:30,592 DEBUG    root            Chosen display Format:none
2025-03-23 03:32:30,592 INFO     root            Display format: "none"
