2025-03-23 03:43:17,131 DEBUG    root            Loaded Command Group: ['gcloud', 'auth']
2025-03-23 03:43:17,138 DEBUG    root            Loaded Command Group: ['gcloud', 'auth', 'login']
2025-03-23 03:43:17,139 DEBUG    root            Running [gcloud.auth.login] with arguments: []
2025-03-23 03:43:17,152 DEBUG    requests_oauthlib.oauth2_session Generated new state EJw0qCcEm7h5dyBO2oomHNSVuEF1hz.
2025-03-23 03:43:17,228 INFO     ___FILE_ONLY___ Your browser has been opened to visit:

    https://accounts.google.com/o/oauth2/auth?response_type=code&client_id=32555940559.apps.googleusercontent.com&redirect_uri=http%3A%2F%2Flocalhost%3A8085%2F&scope=openid+https%3A%2F%2Fwww.googleapis.com%2Fauth%2Fuserinfo.email+https%3A%2F%2Fwww.googleapis.com%2Fauth%2Fcloud-platform+https%3A%2F%2Fwww.googleapis.com%2Fauth%2Fappengine.admin+https%3A%2F%2Fwww.googleapis.com%2Fauth%2Fsqlservice.login+https%3A%2F%2Fwww.googleapis.com%2Fauth%2Fcompute+https%3A%2F%2Fwww.googleapis.com%2Fauth%2Faccounts.reauth&state=EJw0qCcEm7h5dyBO2oomHNSVuEF1hz&access_type=offline&code_challenge=NEHgLaU8TAMWzFRTKaC_AEYTSUw7YGYLYqH7As5UTHM&code_challenge_method=S256


2025-03-23 03:43:22,217 INFO     google_auth_oauthlib.flow "GET /?state=EJw0qCcEm7h5dyBO2oomHNSVuEF1hz&code=4/0AQSTgQHA2yoefv4QuOL47_LzJcZJn0irHYCz55yHfWjZGoNb8pd2jviA6F_dU-V4NSwemA&scope=email%20openid%20https://www.googleapis.com/auth/userinfo.email%20https://www.googleapis.com/auth/cloud-platform%20https://www.googleapis.com/auth/appengine.admin%20https://www.googleapis.com/auth/sqlservice.login%20https://www.googleapis.com/auth/compute%20https://www.googleapis.com/auth/accounts.reauth&authuser=0&prompt=consent HTTP/1.1" 200 937
2025-03-23 03:43:22,217 DEBUG    requests_oauthlib.oauth2_session Requesting url https://oauth2.googleapis.com/token using method POST.
2025-03-23 03:43:22,217 DEBUG    requests_oauthlib.oauth2_session Supplying headers {b'Accept': b'application/json', b'Content-Type': b'application/x-www-form-urlencoded;charset=UTF-8', b'user-agent': b'google-cloud-sdk gcloud/515.0.0 command/gcloud.auth.login invocation-id/6cb9f4e9f8934c7ea7d919e77374d900 environment/None environment-version/None client-os/MACOSX client-os-ver/23.6.0 client-pltf-arch/arm interactive/True from-script/True python/3.11.11 term/screen-256color (Macintosh; Intel Mac OS X 23.6.0)'} and data {'grant_type': 'authorization_code', 'client_id': '32555940559.apps.googleusercontent.com', 'client_secret': 'ZmssLNjJy2998hD4CTg2ejr2', 'code': '4/0AQSTgQHA2yoefv4QuOL47_LzJcZJn0irHYCz55yHfWjZGoNb8pd2jviA6F_dU-V4NSwemA', 'redirect_uri': 'http://localhost:8085/', 'code_verifier': '20D6aA2Os~wmbGyDeg1GGtW6CIdOKBjb-3xBtXTzv9~MEcQXR63zx1BmF5pBpIMsb-6lYsYs1v5M4jxqEghh_a-016Dacib~i83oBLKZWkLGAtGH23OS_5ArENIJDzsI'}
2025-03-23 03:43:22,218 DEBUG    requests_oauthlib.oauth2_session Passing through key word arguments {'json': None, 'timeout': None, 'auth': None, 'verify': None, 'proxies': None}.
2025-03-23 03:43:22,223 DEBUG    urllib3.connectionpool Starting new HTTPS connection (1): oauth2.googleapis.com:443
2025-03-23 03:43:22,392 DEBUG    urllib3.connectionpool https://oauth2.googleapis.com:443 "POST /token HTTP/11" 200 None
2025-03-23 03:43:22,393 DEBUG    requests_oauthlib.oauth2_session Prepared fetch token request body grant_type=authorization_code&client_id=32555940559.apps.googleusercontent.com&client_secret=ZmssLNjJy2998hD4CTg2ejr2&code=4%2F0AQSTgQHA2yoefv4QuOL47_LzJcZJn0irHYCz55yHfWjZGoNb8pd2jviA6F_dU-V4NSwemA&redirect_uri=http%3A%2F%2Flocalhost%3A8085%2F&code_verifier=20D6aA2Os~wmbGyDeg1GGtW6CIdOKBjb-3xBtXTzv9~MEcQXR63zx1BmF5pBpIMsb-6lYsYs1v5M4jxqEghh_a-016Dacib~i83oBLKZWkLGAtGH23OS_5ArENIJDzsI
2025-03-23 03:43:22,393 DEBUG    requests_oauthlib.oauth2_session Request to fetch token completed with status 200.
2025-03-23 03:43:22,394 DEBUG    requests_oauthlib.oauth2_session Request headers were {'user-agent': b'google-cloud-sdk gcloud/515.0.0 command/gcloud.auth.login invocation-id/6cb9f4e9f8934c7ea7d919e77374d900 environment/None environment-version/None client-os/MACOSX client-os-ver/23.6.0 client-pltf-arch/arm interactive/True from-script/True python/3.11.11 term/screen-256color (Macintosh; Intel Mac OS X 23.6.0)', 'Accept-Encoding': 'gzip, deflate', 'Accept': b'application/json', 'Connection': 'keep-alive', 'Content-Type': b'application/x-www-form-urlencoded;charset=UTF-8', 'Content-Length': '387'}
2025-03-23 03:43:22,394 DEBUG    requests_oauthlib.oauth2_session Request body was grant_type=authorization_code&client_id=32555940559.apps.googleusercontent.com&client_secret=ZmssLNjJy2998hD4CTg2ejr2&code=4%2F0AQSTgQHA2yoefv4QuOL47_LzJcZJn0irHYCz55yHfWjZGoNb8pd2jviA6F_dU-V4NSwemA&redirect_uri=http%3A%2F%2Flocalhost%3A8085%2F&code_verifier=20D6aA2Os~wmbGyDeg1GGtW6CIdOKBjb-3xBtXTzv9~MEcQXR63zx1BmF5pBpIMsb-6lYsYs1v5M4jxqEghh_a-016Dacib~i83oBLKZWkLGAtGH23OS_5ArENIJDzsI
2025-03-23 03:43:22,394 DEBUG    requests_oauthlib.oauth2_session Response headers were {'Cache-Control': 'no-cache, no-store, max-age=0, must-revalidate', 'Date': 'Sun, 23 Mar 2025 02:43:22 GMT', 'Pragma': 'no-cache', 'Expires': 'Mon, 01 Jan 1990 00:00:00 GMT', 'Content-Type': 'application/json; charset=utf-8', 'Vary': 'Origin, X-Origin, Referer', 'Content-Encoding': 'gzip', 'Server': 'scaffolding on HTTPServer2', 'X-XSS-Protection': '0', 'X-Frame-Options': 'SAMEORIGIN', 'X-Content-Type-Options': 'nosniff', 'Alt-Svc': 'h3=":443"; ma=2592000,h3-29=":443"; ma=2592000', 'Transfer-Encoding': 'chunked'} and content {
  "access_token": "ya29.a0AeXRPp6DLAPSs-MOclZ_l-U38AOEbzqUwP1U0qnYoZ7ISPyD0_sAlMSvlcpf6v3y6M4UtXcbqxINPeF9LN2CQXzDI5mbmDnRCRPoJLusk9LtsktwnBz5ZHURfsnR5FXKhoUU8NWLf3e0HzhLRkgHIUqfmPiElSRwq5DOnaWH1QrkgwaCgYKAcwSARASFQHGX2Mib7MBL7kofFkHfvBgVl3N3g0181",
  "expires_in": 3599,
  "refresh_token": "1//09gWyPCO75-27CgYIARAAGAkSNwF-L9Ir6HYuossvP8x_OJwhhuD9cIIy-azvu2tf0V66iSZ-qz6l6zN6bACiZyhGWyaVScbcGIk",
  "scope": "https://www.googleapis.com/auth/appengine.admin https://www.googleapis.com/auth/cloud-platform https://www.googleapis.com/auth/accounts.reauth https://www.googleapis.com/auth/compute https://www.googleapis.com/auth/sqlservice.login https://www.googleapis.com/auth/userinfo.email openid",
  "token_type": "Bearer",
  "id_token": "eyJhbGciOiJSUzI1NiIsImtpZCI6ImVlMTkzZDQ2NDdhYjRhMzU4NWFhOWIyYjNiNDg0YTg3YWE2OGJiNDIiLCJ0eXAiOiJKV1QifQ.eyJpc3MiOiJodHRwczovL2FjY291bnRzLmdvb2dsZS5jb20iLCJhenAiOiIzMjU1NTk0MDU1OS5hcHBzLmdvb2dsZXVzZXJjb250ZW50LmNvbSIsImF1ZCI6IjMyNTU1OTQwNTU5LmFwcHMuZ29vZ2xldXNlcmNvbnRlbnQuY29tIiwic3ViIjoiMTE0NDU3NTQxNzcyMjgyOTgzMTk4IiwiZW1haWwiOiJ3YWl0aW5nMDUwMkBnbWFpbC5jb20iLCJlbWFpbF92ZXJpZmllZCI6dHJ1ZSwiYXRfaGFzaCI6ImZxaWdNeGFTdFJvTGZ1Z3lXVmNJLXciLCJpYXQiOjE3NDI2OTc4MDIsImV4cCI6MTc0MjcwMTQwMn0.PehvOu_uP7GXUN1T_fAG-tdz3BFoLd0kek-SXrOAoDb-RBPAZ9MzNP_rufmHDG-6dr7TYrc3eVtjBiqfR3tTGgvI0kgpGSkxeN_sgzxoXXikkiFqrrNiANGMYWZR-6kOKjHI_JQrhwl0Y7Sh9L0OpHyZI3iGI8PMTFJEvM2y3wZD1AcF4uU309h46DkDxJlzg2k0tSf_MJj0Rn64BXTg5Dl32tELUWTlUp8tZkw5A6xJFmAe8bZKAPQpJ6wNdJlLi899kXCTmPgpMg_nnmZr4HLQJHlAQbTJEM9cQIpAl8nQD-kmYjPX6Z5rR7nF-cJWayKTTFIGcRbeswJ95XtZMA"
}.
2025-03-23 03:43:22,394 DEBUG    requests_oauthlib.oauth2_session Invoking 0 token response hooks.
2025-03-23 03:43:22,394 DEBUG    requests_oauthlib.oauth2_session Obtained token {'access_token': 'ya29.a0AeXRPp6DLAPSs-MOclZ_l-U38AOEbzqUwP1U0qnYoZ7ISPyD0_sAlMSvlcpf6v3y6M4UtXcbqxINPeF9LN2CQXzDI5mbmDnRCRPoJLusk9LtsktwnBz5ZHURfsnR5FXKhoUU8NWLf3e0HzhLRkgHIUqfmPiElSRwq5DOnaWH1QrkgwaCgYKAcwSARASFQHGX2Mib7MBL7kofFkHfvBgVl3N3g0181', 'expires_in': 3599, 'refresh_token': '1//09gWyPCO75-27CgYIARAAGAkSNwF-L9Ir6HYuossvP8x_OJwhhuD9cIIy-azvu2tf0V66iSZ-qz6l6zN6bACiZyhGWyaVScbcGIk', 'scope': ['https://www.googleapis.com/auth/appengine.admin', 'https://www.googleapis.com/auth/cloud-platform', 'https://www.googleapis.com/auth/accounts.reauth', 'https://www.googleapis.com/auth/compute', 'https://www.googleapis.com/auth/sqlservice.login', 'https://www.googleapis.com/auth/userinfo.email', 'openid'], 'token_type': 'Bearer', 'id_token': 'eyJhbGciOiJSUzI1NiIsImtpZCI6ImVlMTkzZDQ2NDdhYjRhMzU4NWFhOWIyYjNiNDg0YTg3YWE2OGJiNDIiLCJ0eXAiOiJKV1QifQ.eyJpc3MiOiJodHRwczovL2FjY291bnRzLmdvb2dsZS5jb20iLCJhenAiOiIzMjU1NTk0MDU1OS5hcHBzLmdvb2dsZXVzZXJjb250ZW50LmNvbSIsImF1ZCI6IjMyNTU1OTQwNTU5LmFwcHMuZ29vZ2xldXNlcmNvbnRlbnQuY29tIiwic3ViIjoiMTE0NDU3NTQxNzcyMjgyOTgzMTk4IiwiZW1haWwiOiJ3YWl0aW5nMDUwMkBnbWFpbC5jb20iLCJlbWFpbF92ZXJpZmllZCI6dHJ1ZSwiYXRfaGFzaCI6ImZxaWdNeGFTdFJvTGZ1Z3lXVmNJLXciLCJpYXQiOjE3NDI2OTc4MDIsImV4cCI6MTc0MjcwMTQwMn0.PehvOu_uP7GXUN1T_fAG-tdz3BFoLd0kek-SXrOAoDb-RBPAZ9MzNP_rufmHDG-6dr7TYrc3eVtjBiqfR3tTGgvI0kgpGSkxeN_sgzxoXXikkiFqrrNiANGMYWZR-6kOKjHI_JQrhwl0Y7Sh9L0OpHyZI3iGI8PMTFJEvM2y3wZD1AcF4uU309h46DkDxJlzg2k0tSf_MJj0Rn64BXTg5Dl32tELUWTlUp8tZkw5A6xJFmAe8bZKAPQpJ6wNdJlLi899kXCTmPgpMg_nnmZr4HLQJHlAQbTJEM9cQIpAl8nQD-kmYjPX6Z5rR7nF-cJWayKTTFIGcRbeswJ95XtZMA', 'expires_at': 1742701401.3948858}.
2025-03-23 03:43:22,411 INFO     ___FILE_ONLY___ 
You are now logged in as [waiting0502@gmail.com].
Your current project is [mywebproject-420221].  You can change this setting by running:
  $ gcloud config set project PROJECT_ID

2025-03-23 03:43:22,411 DEBUG    root            Chosen display Format:none
2025-03-23 03:43:22,412 INFO     root            Display format: "none"
